{"/home/runner/work/kodebase/kodebase/packages/core/src/constants.ts": {"path":"/home/runner/work/kodebase/kodebase/packages/core/src/constants.ts","statementMap":{"0":{"start":{"line":8,"column":30},"end":{"line":17,"column":null}},"1":{"start":{"line":22,"column":29},"end":{"line":35,"column":null}},"2":{"start":{"line":39,"column":25},"end":{"line":44,"column":null}},"3":{"start":{"line":48,"column":31},"end":{"line":54,"column":null}},"4":{"start":{"line":59,"column":25},"end":{"line":63,"column":null}},"5":{"start":{"line":67,"column":31},"end":{"line":67,"column":null}},"6":{"start":{"line":68,"column":30},"end":{"line":68,"column":null}},"7":{"start":{"line":69,"column":26},"end":{"line":69,"column":null}},"8":{"start":{"line":70,"column":32},"end":{"line":70,"column":null}},"9":{"start":{"line":71,"column":30},"end":{"line":71,"column":null}},"10":{"start":{"line":75,"column":2},"end":{"line":75,"column":null}},"11":{"start":{"line":81,"column":27},"end":{"line":81,"column":null}},"12":{"start":{"line":82,"column":34},"end":{"line":85,"column":null}},"13":{"start":{"line":89,"column":35},"end":{"line":89,"column":null}},"14":{"start":{"line":90,"column":34},"end":{"line":90,"column":null}},"15":{"start":{"line":91,"column":30},"end":{"line":91,"column":null}},"16":{"start":{"line":95,"column":2},"end":{"line":95,"column":null}}},"fnMap":{},"branchMap":{},"s":{"0":18,"1":18,"2":18,"3":18,"4":18,"5":18,"6":18,"7":18,"8":18,"9":18,"10":18,"11":18,"12":18,"13":18,"14":18,"15":18,"16":18},"f":{},"b":{}}
,"/home/runner/work/kodebase/kodebase/packages/core/src/automation/cascade/engine.ts": {"path":"/home/runner/work/kodebase/kodebase/packages/core/src/automation/cascade/engine.ts","statementMap":{"0":{"start":{"line":22,"column":2},"end":{"line":24,"column":null}},"1":{"start":{"line":29,"column":17},"end":{"line":29,"column":null}},"2":{"start":{"line":30,"column":2},"end":{"line":32,"column":null}},"3":{"start":{"line":31,"column":4},"end":{"line":31,"column":null}},"4":{"start":{"line":33,"column":15},"end":{"line":33,"column":null}},"5":{"start":{"line":34,"column":2},"end":{"line":36,"column":null}},"6":{"start":{"line":35,"column":4},"end":{"line":35,"column":null}},"7":{"start":{"line":37,"column":16},"end":{"line":37,"column":null}},"8":{"start":{"line":38,"column":2},"end":{"line":40,"column":null}},"9":{"start":{"line":39,"column":4},"end":{"line":39,"column":null}},"10":{"start":{"line":41,"column":2},"end":{"line":41,"column":null}},"11":{"start":{"line":45,"column":2},"end":{"line":47,"column":null}},"12":{"start":{"line":46,"column":4},"end":{"line":46,"column":null}},"13":{"start":{"line":48,"column":2},"end":{"line":48,"column":null}},"14":{"start":{"line":65,"column":43},"end":{"line":65,"column":null}},"15":{"start":{"line":67,"column":4},"end":{"line":76,"column":null}},"16":{"start":{"line":68,"column":20},"end":{"line":68,"column":null}},"17":{"start":{"line":69,"column":6},"end":{"line":75,"column":null}},"18":{"start":{"line":74,"column":8},"end":{"line":74,"column":null}},"19":{"start":{"line":78,"column":4},"end":{"line":83,"column":null}},"20":{"start":{"line":79,"column":6},"end":{"line":82,"column":null}},"21":{"start":{"line":85,"column":25},"end":{"line":87,"column":null}},"22":{"start":{"line":86,"column":17},"end":{"line":86,"column":null}},"23":{"start":{"line":89,"column":4},"end":{"line":95,"column":null}},"24":{"start":{"line":90,"column":6},"end":{"line":94,"column":null}},"25":{"start":{"line":97,"column":4},"end":{"line":112,"column":null}},"26":{"start":{"line":98,"column":25},"end":{"line":103,"column":null}},"27":{"start":{"line":100,"column":10},"end":{"line":102,"column":null}},"28":{"start":{"line":105,"column":6},"end":{"line":111,"column":null}},"29":{"start":{"line":106,"column":8},"end":{"line":110,"column":null}},"30":{"start":{"line":114,"column":28},"end":{"line":116,"column":null}},"31":{"start":{"line":115,"column":17},"end":{"line":115,"column":null}},"32":{"start":{"line":118,"column":4},"end":{"line":121,"column":null}}},"fnMap":{"0":{"name":"isArtifactEvent","decl":{"start":{"line":21,"column":9},"end":{"line":21,"column":25}},"loc":{"start":{"line":21,"column":66},"end":{"line":26,"column":null}}},"1":{"name":"getLatestState","decl":{"start":{"line":28,"column":9},"end":{"line":28,"column":24}},"loc":{"start":{"line":28,"column":68},"end":{"line":42,"column":null}}},"2":{"name":"formatRemainingChildren","decl":{"start":{"line":44,"column":9},"end":{"line":44,"column":33}},"loc":{"start":{"line":44,"column":56},"end":{"line":49,"column":null}}},"3":{"name":"(anonymous_3)","decl":{"start":{"line":61,"column":2},"end":{"line":61,"column":null}},"loc":{"start":{"line":64,"column":21},"end":{"line":122,"column":null}}},"4":{"name":"(anonymous_4)","decl":{"start":{"line":86,"column":6},"end":{"line":86,"column":7}},"loc":{"start":{"line":86,"column":17},"end":{"line":86,"column":null}}},"5":{"name":"(anonymous_5)","decl":{"start":{"line":99,"column":8},"end":{"line":99,"column":9}},"loc":{"start":{"line":100,"column":10},"end":{"line":102,"column":null}}},"6":{"name":"(anonymous_6)","decl":{"start":{"line":115,"column":6},"end":{"line":115,"column":7}},"loc":{"start":{"line":115,"column":17},"end":{"line":115,"column":null}}}},"branchMap":{"0":{"loc":{"start":{"line":23,"column":4},"end":{"line":24,"column":null}},"type":"binary-expr","locations":[{"start":{"line":23,"column":4},"end":{"line":23,"column":null}},{"start":{"line":24,"column":5},"end":{"line":24,"column":null}}]},"1":{"loc":{"start":{"line":30,"column":2},"end":{"line":32,"column":null}},"type":"if","locations":[{"start":{"line":30,"column":2},"end":{"line":32,"column":null}},{"start":{},"end":{}}]},"2":{"loc":{"start":{"line":30,"column":6},"end":{"line":30,"column":38}},"type":"binary-expr","locations":[{"start":{"line":30,"column":6},"end":{"line":30,"column":17}},{"start":{"line":30,"column":17},"end":{"line":30,"column":38}}]},"3":{"loc":{"start":{"line":34,"column":2},"end":{"line":36,"column":null}},"type":"if","locations":[{"start":{"line":34,"column":2},"end":{"line":36,"column":null}},{"start":{},"end":{}}]},"4":{"loc":{"start":{"line":38,"column":2},"end":{"line":40,"column":null}},"type":"if","locations":[{"start":{"line":38,"column":2},"end":{"line":40,"column":null}},{"start":{},"end":{}}]},"5":{"loc":{"start":{"line":45,"column":2},"end":{"line":47,"column":null}},"type":"if","locations":[{"start":{"line":45,"column":2},"end":{"line":47,"column":null}},{"start":{},"end":{}}]},"6":{"loc":{"start":{"line":69,"column":6},"end":{"line":75,"column":null}},"type":"if","locations":[{"start":{"line":69,"column":6},"end":{"line":75,"column":null}},{"start":{},"end":{}}]},"7":{"loc":{"start":{"line":70,"column":8},"end":{"line":72,"column":null}},"type":"binary-expr","locations":[{"start":{"line":70,"column":8},"end":{"line":70,"column":null}},{"start":{"line":71,"column":8},"end":{"line":71,"column":null}},{"start":{"line":72,"column":8},"end":{"line":72,"column":null}}]},"8":{"loc":{"start":{"line":78,"column":4},"end":{"line":83,"column":null}},"type":"if","locations":[{"start":{"line":78,"column":4},"end":{"line":83,"column":null}},{"start":{},"end":{}}]},"9":{"loc":{"start":{"line":89,"column":4},"end":{"line":95,"column":null}},"type":"if","locations":[{"start":{"line":89,"column":4},"end":{"line":95,"column":null}},{"start":{},"end":{}}]},"10":{"loc":{"start":{"line":97,"column":4},"end":{"line":112,"column":null}},"type":"if","locations":[{"start":{"line":97,"column":4},"end":{"line":112,"column":null}},{"start":{},"end":{}}]},"11":{"loc":{"start":{"line":100,"column":10},"end":{"line":102,"column":null}},"type":"binary-expr","locations":[{"start":{"line":100,"column":10},"end":{"line":100,"column":null}},{"start":{"line":101,"column":10},"end":{"line":101,"column":null}},{"start":{"line":102,"column":10},"end":{"line":102,"column":null}}]},"12":{"loc":{"start":{"line":105,"column":6},"end":{"line":111,"column":null}},"type":"if","locations":[{"start":{"line":105,"column":6},"end":{"line":111,"column":null}},{"start":{},"end":{}}]}},"s":{"0":10,"1":10,"2":10,"3":0,"4":10,"5":10,"6":0,"7":10,"8":10,"9":0,"10":10,"11":1,"12":0,"13":1,"14":6,"15":6,"16":10,"17":10,"18":8,"19":6,"20":1,"21":5,"22":6,"23":5,"24":1,"25":4,"26":3,"27":4,"28":3,"29":3,"30":1,"31":2,"32":1},"f":{"0":10,"1":10,"2":1,"3":6,"4":6,"5":4,"6":2},"b":{"0":[10,10],"1":[0,10],"2":[10,10],"3":[0,10],"4":[0,10],"5":[0,1],"6":[8,2],"7":[10,10,8],"8":[1,5],"9":[1,4],"10":[3,1],"11":[4,1,1],"12":[3,0]}}
,"/home/runner/work/kodebase/kodebase/packages/core/src/parser/artifact-parser.ts": {"path":"/home/runner/work/kodebase/kodebase/packages/core/src/parser/artifact-parser.ts","statementMap":{"0":{"start":{"line":41,"column":18},"end":{"line":41,"column":null}},"1":{"start":{"line":43,"column":25},"end":{"line":45,"column":null}},"2":{"start":{"line":48,"column":2},"end":{"line":54,"column":null}},"3":{"start":{"line":50,"column":6},"end":{"line":52,"column":null}},"4":{"start":{"line":53,"column":4},"end":{"line":53,"column":null}},"5":{"start":{"line":55,"column":2},"end":{"line":57,"column":null}},"6":{"start":{"line":56,"column":4},"end":{"line":56,"column":null}},"7":{"start":{"line":59,"column":2},"end":{"line":59,"column":null}},"8":{"start":{"line":63,"column":2},"end":{"line":63,"column":null}},"9":{"start":{"line":69,"column":2},"end":{"line":85,"column":null}},"10":{"start":{"line":70,"column":23},"end":{"line":70,"column":null}},"11":{"start":{"line":71,"column":4},"end":{"line":73,"column":null}},"12":{"start":{"line":72,"column":6},"end":{"line":72,"column":null}},"13":{"start":{"line":74,"column":4},"end":{"line":83,"column":null}},"14":{"start":{"line":75,"column":6},"end":{"line":82,"column":null}},"15":{"start":{"line":84,"column":4},"end":{"line":84,"column":null}},"16":{"start":{"line":87,"column":2},"end":{"line":96,"column":null}},"17":{"start":{"line":88,"column":4},"end":{"line":95,"column":null}},"18":{"start":{"line":98,"column":2},"end":{"line":98,"column":null}},"19":{"start":{"line":102,"column":2},"end":{"line":104,"column":null}},"20":{"start":{"line":103,"column":4},"end":{"line":103,"column":null}},"21":{"start":{"line":106,"column":2},"end":{"line":115,"column":null}},"22":{"start":{"line":107,"column":4},"end":{"line":109,"column":null}},"23":{"start":{"line":108,"column":6},"end":{"line":108,"column":null}},"24":{"start":{"line":111,"column":6},"end":{"line":113,"column":null}},"25":{"start":{"line":114,"column":4},"end":{"line":114,"column":null}},"26":{"start":{"line":122,"column":17},"end":{"line":126,"column":null}},"27":{"start":{"line":122,"column":46},"end":{"line":126,"column":4}},"28":{"start":{"line":127,"column":17},"end":{"line":127,"column":null}},"29":{"start":{"line":128,"column":2},"end":{"line":132,"column":null}},"30":{"start":{"line":140,"column":21},"end":{"line":140,"column":null}},"31":{"start":{"line":141,"column":2},"end":{"line":143,"column":null}},"32":{"start":{"line":142,"column":4},"end":{"line":142,"column":null}},"33":{"start":{"line":145,"column":2},"end":{"line":164,"column":null}},"34":{"start":{"line":146,"column":17},"end":{"line":146,"column":null}},"35":{"start":{"line":147,"column":4},"end":{"line":147,"column":null}},"36":{"start":{"line":149,"column":4},"end":{"line":154,"column":null}},"37":{"start":{"line":150,"column":6},"end":{"line":153,"column":null}},"38":{"start":{"line":156,"column":6},"end":{"line":156,"column":null}},"39":{"start":{"line":157,"column":4},"end":{"line":163,"column":null}},"40":{"start":{"line":168,"column":2},"end":{"line":176,"column":null}},"41":{"start":{"line":169,"column":4},"end":{"line":175,"column":null}},"42":{"start":{"line":178,"column":2},"end":{"line":200,"column":null}},"43":{"start":{"line":179,"column":20},"end":{"line":179,"column":null}},"44":{"start":{"line":180,"column":4},"end":{"line":188,"column":null}},"45":{"start":{"line":181,"column":6},"end":{"line":187,"column":null}},"46":{"start":{"line":190,"column":21},"end":{"line":190,"column":null}},"47":{"start":{"line":191,"column":4},"end":{"line":191,"column":null}},"48":{"start":{"line":193,"column":4},"end":{"line":199,"column":null}},"49":{"start":{"line":206,"column":2},"end":{"line":208,"column":null}},"50":{"start":{"line":207,"column":4},"end":{"line":207,"column":null}},"51":{"start":{"line":214,"column":2},"end":{"line":216,"column":null}},"52":{"start":{"line":215,"column":4},"end":{"line":215,"column":null}},"53":{"start":{"line":222,"column":2},"end":{"line":224,"column":null}},"54":{"start":{"line":223,"column":4},"end":{"line":223,"column":null}},"55":{"start":{"line":227,"column":30},"end":{"line":232,"column":null}}},"fnMap":{"0":{"name":"formatYamlError","decl":{"start":{"line":47,"column":9},"end":{"line":47,"column":25}},"loc":{"start":{"line":47,"column":47},"end":{"line":60,"column":null}}},"1":{"name":"ensurePlainObject","decl":{"start":{"line":62,"column":9},"end":{"line":62,"column":27}},"loc":{"start":{"line":62,"column":77},"end":{"line":64,"column":null}}},"2":{"name":"normalizeInput","decl":{"start":{"line":66,"column":9},"end":{"line":66,"column":null}},"loc":{"start":{"line":68,"column":48},"end":{"line":99,"column":null}}},"3":{"name":"formatZodIssuePath","decl":{"start":{"line":101,"column":9},"end":{"line":101,"column":28}},"loc":{"start":{"line":101,"column":78},"end":{"line":116,"column":null}}},"4":{"name":"(anonymous_4)","decl":{"start":{"line":106,"column":29},"end":{"line":106,"column":30}},"loc":{"start":{"line":106,"column":47},"end":{"line":115,"column":5}}},"5":{"name":"formatSchemaError","decl":{"start":{"line":118,"column":9},"end":{"line":118,"column":null}},"loc":{"start":{"line":121,"column":22},"end":{"line":133,"column":null}}},"6":{"name":"(anonymous_6)","decl":{"start":{"line":122,"column":34},"end":{"line":122,"column":35}},"loc":{"start":{"line":122,"column":46},"end":{"line":126,"column":4}}},"7":{"name":"parseWithSchema","decl":{"start":{"line":135,"column":9},"end":{"line":135,"column":null}},"loc":{"start":{"line":139,"column":26},"end":{"line":165,"column":null}}},"8":{"name":"parseYaml","decl":{"start":{"line":167,"column":16},"end":{"line":167,"column":26}},"loc":{"start":{"line":167,"column":71},"end":{"line":201,"column":null}}},"9":{"name":"parseInitiative","decl":{"start":{"line":203,"column":16},"end":{"line":203,"column":null}},"loc":{"start":{"line":205,"column":36},"end":{"line":209,"column":null}}},"10":{"name":"(anonymous_10)","decl":{"start":{"line":206,"column":55},"end":{"line":206,"column":56}},"loc":{"start":{"line":207,"column":4},"end":{"line":207,"column":null}}},"11":{"name":"parseMilestone","decl":{"start":{"line":211,"column":16},"end":{"line":211,"column":null}},"loc":{"start":{"line":213,"column":35},"end":{"line":217,"column":null}}},"12":{"name":"(anonymous_12)","decl":{"start":{"line":214,"column":54},"end":{"line":214,"column":55}},"loc":{"start":{"line":215,"column":4},"end":{"line":215,"column":null}}},"13":{"name":"parseIssue","decl":{"start":{"line":219,"column":16},"end":{"line":219,"column":null}},"loc":{"start":{"line":221,"column":31},"end":{"line":225,"column":null}}},"14":{"name":"(anonymous_14)","decl":{"start":{"line":222,"column":50},"end":{"line":222,"column":51}},"loc":{"start":{"line":223,"column":4},"end":{"line":223,"column":null}}}},"branchMap":{"0":{"loc":{"start":{"line":48,"column":2},"end":{"line":54,"column":null}},"type":"if","locations":[{"start":{"line":48,"column":2},"end":{"line":54,"column":null}},{"start":{},"end":{}}]},"1":{"loc":{"start":{"line":50,"column":6},"end":{"line":52,"column":null}},"type":"cond-expr","locations":[{"start":{"line":51,"column":10},"end":{"line":51,"column":null}},{"start":{"line":52,"column":10},"end":{"line":52,"column":null}}]},"2":{"loc":{"start":{"line":50,"column":6},"end":{"line":50,"column":null}},"type":"binary-expr","locations":[{"start":{"line":50,"column":6},"end":{"line":50,"column":21}},{"start":{"line":50,"column":21},"end":{"line":50,"column":null}}]},"3":{"loc":{"start":{"line":55,"column":2},"end":{"line":57,"column":null}},"type":"if","locations":[{"start":{"line":55,"column":2},"end":{"line":57,"column":null}},{"start":{},"end":{}}]},"4":{"loc":{"start":{"line":63,"column":9},"end":{"line":63,"column":null}},"type":"binary-expr","locations":[{"start":{"line":63,"column":9},"end":{"line":63,"column":38}},{"start":{"line":63,"column":38},"end":{"line":63,"column":56}},{"start":{"line":63,"column":56},"end":{"line":63,"column":null}}]},"5":{"loc":{"start":{"line":69,"column":2},"end":{"line":85,"column":null}},"type":"if","locations":[{"start":{"line":69,"column":2},"end":{"line":85,"column":null}},{"start":{},"end":{}}]},"6":{"loc":{"start":{"line":71,"column":4},"end":{"line":73,"column":null}},"type":"if","locations":[{"start":{"line":71,"column":4},"end":{"line":73,"column":null}},{"start":{},"end":{}}]},"7":{"loc":{"start":{"line":74,"column":4},"end":{"line":83,"column":null}},"type":"if","locations":[{"start":{"line":74,"column":4},"end":{"line":83,"column":null}},{"start":{},"end":{}}]},"8":{"loc":{"start":{"line":87,"column":2},"end":{"line":96,"column":null}},"type":"if","locations":[{"start":{"line":87,"column":2},"end":{"line":96,"column":null}},{"start":{},"end":{}}]},"9":{"loc":{"start":{"line":102,"column":2},"end":{"line":104,"column":null}},"type":"if","locations":[{"start":{"line":102,"column":2},"end":{"line":104,"column":null}},{"start":{},"end":{}}]},"10":{"loc":{"start":{"line":107,"column":4},"end":{"line":109,"column":null}},"type":"if","locations":[{"start":{"line":107,"column":4},"end":{"line":109,"column":null}},{"start":{},"end":{}}]},"11":{"loc":{"start":{"line":111,"column":6},"end":{"line":113,"column":null}},"type":"cond-expr","locations":[{"start":{"line":112,"column":11},"end":{"line":112,"column":null}},{"start":{"line":113,"column":10},"end":{"line":113,"column":null}}]},"12":{"loc":{"start":{"line":112,"column":11},"end":{"line":112,"column":null}},"type":"binary-expr","locations":[{"start":{"line":112,"column":11},"end":{"line":112,"column":34}},{"start":{"line":112,"column":34},"end":{"line":112,"column":null}}]},"13":{"loc":{"start":{"line":114,"column":11},"end":{"line":114,"column":null}},"type":"cond-expr","locations":[{"start":{"line":114,"column":17},"end":{"line":114,"column":35}},{"start":{"line":114,"column":35},"end":{"line":114,"column":null}}]},"14":{"loc":{"start":{"line":127,"column":17},"end":{"line":127,"column":null}},"type":"cond-expr","locations":[{"start":{"line":127,"column":39},"end":{"line":127,"column":49}},{"start":{"line":127,"column":49},"end":{"line":127,"column":null}}]},"15":{"loc":{"start":{"line":141,"column":2},"end":{"line":143,"column":null}},"type":"if","locations":[{"start":{"line":141,"column":2},"end":{"line":143,"column":null}},{"start":{},"end":{}}]},"16":{"loc":{"start":{"line":149,"column":4},"end":{"line":154,"column":null}},"type":"if","locations":[{"start":{"line":149,"column":4},"end":{"line":154,"column":null}},{"start":{},"end":{}}]},"17":{"loc":{"start":{"line":149,"column":8},"end":{"line":149,"column":59}},"type":"binary-expr","locations":[{"start":{"line":149,"column":8},"end":{"line":149,"column":15}},{"start":{"line":149,"column":15},"end":{"line":149,"column":42}},{"start":{"line":149,"column":42},"end":{"line":149,"column":59}}]},"18":{"loc":{"start":{"line":156,"column":6},"end":{"line":156,"column":null}},"type":"cond-expr","locations":[{"start":{"line":156,"column":29},"end":{"line":156,"column":43}},{"start":{"line":156,"column":43},"end":{"line":156,"column":null}}]},"19":{"loc":{"start":{"line":168,"column":2},"end":{"line":176,"column":null}},"type":"if","locations":[{"start":{"line":168,"column":2},"end":{"line":176,"column":null}},{"start":{},"end":{}}]},"20":{"loc":{"start":{"line":180,"column":4},"end":{"line":188,"column":null}},"type":"if","locations":[{"start":{"line":180,"column":4},"end":{"line":188,"column":null}},{"start":{},"end":{}}]}},"s":{"0":5,"1":5,"2":7,"3":5,"4":5,"5":2,"6":1,"7":1,"8":48,"9":50,"10":19,"11":19,"12":2,"13":17,"14":2,"15":15,"16":31,"17":1,"18":30,"19":11,"20":1,"21":10,"22":19,"23":1,"24":18,"25":18,"26":10,"27":11,"28":10,"29":10,"30":50,"31":50,"32":5,"33":45,"34":45,"35":33,"36":12,"37":10,"38":2,"39":2,"40":27,"41":1,"42":26,"43":26,"44":26,"45":1,"46":25,"47":18,"48":7,"49":11,"50":10,"51":11,"52":10,"53":28,"54":25,"55":5},"f":{"0":7,"1":48,"2":50,"3":11,"4":19,"5":10,"6":11,"7":50,"8":27,"9":11,"10":10,"11":11,"12":10,"13":28,"14":25},"b":{"0":[5,2],"1":[1,4],"2":[5,1],"3":[1,1],"4":[48,48,48],"5":[19,31],"6":[2,17],"7":[2,15],"8":[1,30],"9":[1,10],"10":[1,18],"11":[2,16],"12":[2,1],"13":[8,10],"14":[9,1],"15":[5,45],"16":[10,2],"17":[12,12,12],"18":[1,1],"19":[1,26],"20":[1,25]}}
,"/home/runner/work/kodebase/kodebase/packages/core/src/schemas/schemas.ts": {"path":"/home/runner/work/kodebase/kodebase/packages/core/src/schemas/schemas.ts","statementMap":{"0":{"start":{"line":20,"column":18},"end":{"line":24,"column":null}},"1":{"start":{"line":25,"column":27},"end":{"line":36,"column":null}},"2":{"start":{"line":41,"column":22},"end":{"line":45,"column":null}},"3":{"start":{"line":46,"column":31},"end":{"line":57,"column":null}},"4":{"start":{"line":62,"column":23},"end":{"line":67,"column":null}},"5":{"start":{"line":68,"column":32},"end":{"line":79,"column":null}}},"fnMap":{},"branchMap":{},"s":{"0":7,"1":7,"2":7,"3":7,"4":7,"5":7},"f":{},"b":{}}
,"/home/runner/work/kodebase/kodebase/packages/core/src/schemas/registries/initiative-registry.ts": {"path":"/home/runner/work/kodebase/kodebase/packages/core/src/schemas/registries/initiative-registry.ts","statementMap":{"0":{"start":{"line":10,"column":30},"end":{"line":14,"column":null}},"1":{"start":{"line":15,"column":19},"end":{"line":23,"column":null}},"2":{"start":{"line":24,"column":18},"end":{"line":29,"column":null}},"3":{"start":{"line":30,"column":20},"end":{"line":38,"column":null}},"4":{"start":{"line":39,"column":23},"end":{"line":44,"column":null}},"5":{"start":{"line":45,"column":28},"end":{"line":53,"column":null}},"6":{"start":{"line":55,"column":34},"end":{"line":55,"column":null}},"7":{"start":{"line":56,"column":21},"end":{"line":63,"column":null}},"8":{"start":{"line":64,"column":22},"end":{"line":70,"column":null}},"9":{"start":{"line":71,"column":25},"end":{"line":77,"column":null}},"10":{"start":{"line":78,"column":20},"end":{"line":87,"column":null}},"11":{"start":{"line":88,"column":30},"end":{"line":94,"column":null}},"12":{"start":{"line":99,"column":26},"end":{"line":104,"column":null}},"13":{"start":{"line":105,"column":26},"end":{"line":114,"column":null}},"14":{"start":{"line":115,"column":21},"end":{"line":127,"column":null}},"15":{"start":{"line":128,"column":21},"end":{"line":139,"column":null}},"16":{"start":{"line":140,"column":23},"end":{"line":149,"column":null}},"17":{"start":{"line":151,"column":37},"end":{"line":151,"column":null}},"18":{"start":{"line":152,"column":28},"end":{"line":160,"column":null}},"19":{"start":{"line":161,"column":23},"end":{"line":168,"column":null}},"20":{"start":{"line":169,"column":23},"end":{"line":176,"column":null}},"21":{"start":{"line":177,"column":25},"end":{"line":185,"column":null}},"22":{"start":{"line":187,"column":39},"end":{"line":197,"column":null}},"23":{"start":{"line":199,"column":35},"end":{"line":210,"column":null}}},"fnMap":{},"branchMap":{},"s":{"0":8,"1":8,"2":8,"3":8,"4":8,"5":8,"6":8,"7":8,"8":8,"9":8,"10":8,"11":8,"12":8,"13":8,"14":8,"15":8,"16":8,"17":8,"18":8,"19":8,"20":8,"21":8,"22":8,"23":8},"f":{},"b":{}}
,"/home/runner/work/kodebase/kodebase/packages/core/src/schemas/registries/issue-registry.ts": {"path":"/home/runner/work/kodebase/kodebase/packages/core/src/schemas/registries/issue-registry.ts","statementMap":{"0":{"start":{"line":12,"column":25},"end":{"line":17,"column":null}},"1":{"start":{"line":18,"column":20},"end":{"line":27,"column":null}},"2":{"start":{"line":28,"column":31},"end":{"line":44,"column":null}},"3":{"start":{"line":46,"column":29},"end":{"line":46,"column":null}},"4":{"start":{"line":47,"column":22},"end":{"line":54,"column":null}},"5":{"start":{"line":55,"column":33},"end":{"line":61,"column":null}},"6":{"start":{"line":68,"column":32},"end":{"line":73,"column":null}},"7":{"start":{"line":74,"column":20},"end":{"line":82,"column":null}},"8":{"start":{"line":83,"column":17},"end":{"line":91,"column":null}},"9":{"start":{"line":92,"column":23},"end":{"line":112,"column":null}},"10":{"start":{"line":113,"column":21},"end":{"line":124,"column":null}},"11":{"start":{"line":126,"column":41},"end":{"line":126,"column":null}},"12":{"start":{"line":127,"column":22},"end":{"line":135,"column":null}},"13":{"start":{"line":136,"column":19},"end":{"line":152,"column":null}},"14":{"start":{"line":153,"column":25},"end":{"line":160,"column":null}},"15":{"start":{"line":161,"column":23},"end":{"line":168,"column":null}},"16":{"start":{"line":170,"column":34},"end":{"line":179,"column":null}},"17":{"start":{"line":181,"column":41},"end":{"line":193,"column":null}}},"fnMap":{},"branchMap":{},"s":{"0":8,"1":8,"2":8,"3":8,"4":8,"5":8,"6":8,"7":8,"8":8,"9":8,"10":8,"11":8,"12":8,"13":8,"14":8,"15":8,"16":8,"17":8},"f":{},"b":{}}
,"/home/runner/work/kodebase/kodebase/packages/core/src/schemas/registries/metadata-registry.ts": {"path":"/home/runner/work/kodebase/kodebase/packages/core/src/schemas/registries/metadata-registry.ts","statementMap":{"0":{"start":{"line":23,"column":18},"end":{"line":32,"column":null}},"1":{"start":{"line":33,"column":21},"end":{"line":38,"column":null}},"2":{"start":{"line":39,"column":23},"end":{"line":44,"column":null}},"3":{"start":{"line":45,"column":18},"end":{"line":54,"column":null}},"4":{"start":{"line":55,"column":22},"end":{"line":65,"column":null}},"5":{"start":{"line":66,"column":21},"end":{"line":75,"column":null}},"6":{"start":{"line":76,"column":26},"end":{"line":80,"column":null}},"7":{"start":{"line":82,"column":32},"end":{"line":82,"column":null}},"8":{"start":{"line":83,"column":27},"end":{"line":91,"column":null}},"9":{"start":{"line":92,"column":30},"end":{"line":103,"column":null}},"10":{"start":{"line":94,"column":18},"end":{"line":94,"column":64}},"11":{"start":{"line":104,"column":32},"end":{"line":115,"column":null}},"12":{"start":{"line":106,"column":18},"end":{"line":106,"column":70}},"13":{"start":{"line":116,"column":27},"end":{"line":124,"column":null}},"14":{"start":{"line":119,"column":17},"end":{"line":119,"column":74}},"15":{"start":{"line":125,"column":31},"end":{"line":131,"column":null}},"16":{"start":{"line":132,"column":30},"end":{"line":138,"column":null}},"17":{"start":{"line":139,"column":35},"end":{"line":147,"column":null}},"18":{"start":{"line":153,"column":19},"end":{"line":161,"column":null}},"19":{"start":{"line":162,"column":22},"end":{"line":170,"column":null}},"20":{"start":{"line":171,"column":26},"end":{"line":176,"column":null}},"21":{"start":{"line":178,"column":37},"end":{"line":178,"column":null}},"22":{"start":{"line":179,"column":28},"end":{"line":187,"column":null}},"23":{"start":{"line":188,"column":31},"end":{"line":196,"column":null}},"24":{"start":{"line":197,"column":35},"end":{"line":206,"column":null}},"25":{"start":{"line":212,"column":22},"end":{"line":217,"column":null}},"26":{"start":{"line":218,"column":23},"end":{"line":223,"column":null}},"27":{"start":{"line":224,"column":22},"end":{"line":229,"column":null}},"28":{"start":{"line":230,"column":25},"end":{"line":235,"column":null}},"29":{"start":{"line":236,"column":26},"end":{"line":240,"column":null}},"30":{"start":{"line":241,"column":18},"end":{"line":245,"column":null}},"31":{"start":{"line":246,"column":19},"end":{"line":251,"column":null}},"32":{"start":{"line":253,"column":29},"end":{"line":253,"column":null}},"33":{"start":{"line":254,"column":31},"end":{"line":265,"column":null}},"34":{"start":{"line":256,"column":18},"end":{"line":256,"column":69}},"35":{"start":{"line":266,"column":32},"end":{"line":272,"column":null}},"36":{"start":{"line":273,"column":31},"end":{"line":283,"column":null}},"37":{"start":{"line":284,"column":34},"end":{"line":293,"column":null}},"38":{"start":{"line":286,"column":18},"end":{"line":286,"column":68}},"39":{"start":{"line":294,"column":35},"end":{"line":301,"column":null}},"40":{"start":{"line":302,"column":27},"end":{"line":314,"column":null}},"41":{"start":{"line":315,"column":28},"end":{"line":322,"column":null}},"42":{"start":{"line":327,"column":29},"end":{"line":332,"column":null}},"43":{"start":{"line":334,"column":38},"end":{"line":349,"column":null}}},"fnMap":{"0":{"name":"(anonymous_0)","decl":{"start":{"line":94,"column":10},"end":{"line":94,"column":11}},"loc":{"start":{"line":94,"column":18},"end":{"line":94,"column":64}}},"1":{"name":"(anonymous_1)","decl":{"start":{"line":106,"column":10},"end":{"line":106,"column":11}},"loc":{"start":{"line":106,"column":18},"end":{"line":106,"column":70}}},"2":{"name":"(anonymous_2)","decl":{"start":{"line":119,"column":10},"end":{"line":119,"column":11}},"loc":{"start":{"line":119,"column":17},"end":{"line":119,"column":74}}},"3":{"name":"(anonymous_3)","decl":{"start":{"line":256,"column":10},"end":{"line":256,"column":11}},"loc":{"start":{"line":256,"column":18},"end":{"line":256,"column":69}}},"4":{"name":"(anonymous_4)","decl":{"start":{"line":286,"column":10},"end":{"line":286,"column":11}},"loc":{"start":{"line":286,"column":18},"end":{"line":286,"column":68}}}},"branchMap":{"0":{"loc":{"start":{"line":119,"column":17},"end":{"line":119,"column":74}},"type":"binary-expr","locations":[{"start":{"line":119,"column":17},"end":{"line":119,"column":46}},{"start":{"line":119,"column":46},"end":{"line":119,"column":74}}]}},"s":{"0":8,"1":8,"2":8,"3":8,"4":8,"5":8,"6":8,"7":8,"8":8,"9":8,"10":80,"11":8,"12":83,"13":8,"14":266,"15":8,"16":8,"17":8,"18":8,"19":8,"20":8,"21":8,"22":8,"23":8,"24":8,"25":8,"26":8,"27":8,"28":8,"29":8,"30":8,"31":8,"32":8,"33":8,"34":94,"35":8,"36":8,"37":8,"38":94,"39":8,"40":8,"41":8,"42":8,"43":8},"f":{"0":80,"1":83,"2":266,"3":94,"4":94},"b":{"0":[266,13]}}
,"/home/runner/work/kodebase/kodebase/packages/core/src/schemas/registries/milestone-registry.ts": {"path":"/home/runner/work/kodebase/kodebase/packages/core/src/schemas/registries/milestone-registry.ts","statementMap":{"0":{"start":{"line":10,"column":29},"end":{"line":15,"column":null}},"1":{"start":{"line":16,"column":20},"end":{"line":24,"column":null}},"2":{"start":{"line":25,"column":25},"end":{"line":34,"column":null}},"3":{"start":{"line":35,"column":23},"end":{"line":44,"column":null}},"4":{"start":{"line":46,"column":33},"end":{"line":46,"column":null}},"5":{"start":{"line":47,"column":29},"end":{"line":54,"column":null}},"6":{"start":{"line":55,"column":27},"end":{"line":61,"column":null}},"7":{"start":{"line":62,"column":25},"end":{"line":67,"column":null}},"8":{"start":{"line":72,"column":20},"end":{"line":81,"column":null}},"9":{"start":{"line":82,"column":22},"end":{"line":89,"column":null}},"10":{"start":{"line":90,"column":23},"end":{"line":100,"column":null}},"11":{"start":{"line":101,"column":17},"end":{"line":109,"column":null}},"12":{"start":{"line":110,"column":18},"end":{"line":117,"column":null}},"13":{"start":{"line":118,"column":28},"end":{"line":123,"column":null}},"14":{"start":{"line":125,"column":39},"end":{"line":125,"column":null}},"15":{"start":{"line":126,"column":22},"end":{"line":134,"column":null}},"16":{"start":{"line":135,"column":24},"end":{"line":142,"column":null}},"17":{"start":{"line":143,"column":25},"end":{"line":150,"column":null}},"18":{"start":{"line":151,"column":19},"end":{"line":159,"column":null}},"19":{"start":{"line":160,"column":20},"end":{"line":167,"column":null}},"20":{"start":{"line":169,"column":38},"end":{"line":179,"column":null}},"21":{"start":{"line":181,"column":37},"end":{"line":193,"column":null}}},"fnMap":{},"branchMap":{},"s":{"0":8,"1":8,"2":8,"3":8,"4":8,"5":8,"6":8,"7":8,"8":8,"9":8,"10":8,"11":8,"12":8,"13":8,"14":8,"15":8,"16":8,"17":8,"18":8,"19":8,"20":8,"21":8},"f":{},"b":{}}
,"/home/runner/work/kodebase/kodebase/packages/core/src/schemas/registries/shared-registry.ts": {"path":"/home/runner/work/kodebase/kodebase/packages/core/src/schemas/registries/shared-registry.ts","statementMap":{"0":{"start":{"line":8,"column":32},"end":{"line":8,"column":null}},"1":{"start":{"line":10,"column":34},"end":{"line":12,"column":null}},"2":{"start":{"line":14,"column":27},"end":{"line":17,"column":null}},"3":{"start":{"line":19,"column":31},"end":{"line":22,"column":null}},"4":{"start":{"line":24,"column":32},"end":{"line":32,"column":null}},"5":{"start":{"line":28,"column":6},"end":{"line":30,"column":null}}},"fnMap":{"0":{"name":"(anonymous_0)","decl":{"start":{"line":27,"column":4},"end":{"line":27,"column":5}},"loc":{"start":{"line":28,"column":6},"end":{"line":30,"column":null}}}},"branchMap":{"0":{"loc":{"start":{"line":28,"column":6},"end":{"line":30,"column":null}},"type":"binary-expr","locations":[{"start":{"line":28,"column":6},"end":{"line":28,"column":null}},{"start":{"line":29,"column":6},"end":{"line":29,"column":null}},{"start":{"line":30,"column":6},"end":{"line":30,"column":null}}]}},"s":{"0":12,"1":12,"2":12,"3":12,"4":12,"5":36},"f":{"0":36},"b":{"0":[36,33,26]}}
,"/home/runner/work/kodebase/kodebase/packages/core/src/state/event-builder.ts": {"path":"/home/runner/work/kodebase/kodebase/packages/core/src/state/event-builder.ts","statementMap":{"0":{"start":{"line":22,"column":4},"end":{"line":40,"column":null}},"1":{"start":{"line":46,"column":18},"end":{"line":46,"column":null}},"2":{"start":{"line":47,"column":2},"end":{"line":47,"column":null}},"3":{"start":{"line":47,"column":40},"end":{"line":47,"column":null}},"4":{"start":{"line":48,"column":2},"end":{"line":53,"column":null}},"5":{"start":{"line":49,"column":24},"end":{"line":49,"column":null}},"6":{"start":{"line":50,"column":4},"end":{"line":52,"column":null}},"7":{"start":{"line":58,"column":12},"end":{"line":58,"column":null}},"8":{"start":{"line":60,"column":2},"end":{"line":60,"column":null}},"9":{"start":{"line":64,"column":57},"end":{"line":64,"column":null}},"10":{"start":{"line":66,"column":2},"end":{"line":68,"column":null}},"11":{"start":{"line":67,"column":4},"end":{"line":67,"column":null}},"12":{"start":{"line":71,"column":2},"end":{"line":71,"column":null}},"13":{"start":{"line":73,"column":2},"end":{"line":79,"column":null}},"14":{"start":{"line":87,"column":2},"end":{"line":93,"column":null}},"15":{"start":{"line":101,"column":2},"end":{"line":107,"column":null}},"16":{"start":{"line":124,"column":2},"end":{"line":131,"column":null}},"17":{"start":{"line":128,"column":4},"end":{"line":130,"column":null}},"18":{"start":{"line":134,"column":21},"end":{"line":146,"column":null}},"19":{"start":{"line":135,"column":21},"end":{"line":135,"column":null}},"20":{"start":{"line":136,"column":4},"end":{"line":140,"column":null}},"21":{"start":{"line":137,"column":6},"end":{"line":139,"column":null}},"22":{"start":{"line":141,"column":4},"end":{"line":145,"column":null}},"23":{"start":{"line":148,"column":2},"end":{"line":154,"column":null}},"24":{"start":{"line":165,"column":2},"end":{"line":171,"column":null}},"25":{"start":{"line":179,"column":2},"end":{"line":185,"column":null}},"26":{"start":{"line":193,"column":2},"end":{"line":199,"column":null}},"27":{"start":{"line":207,"column":2},"end":{"line":213,"column":null}},"28":{"start":{"line":225,"column":2},"end":{"line":232,"column":null}},"29":{"start":{"line":229,"column":4},"end":{"line":231,"column":null}},"30":{"start":{"line":233,"column":2},"end":{"line":239,"column":null}}},"fnMap":{"0":{"name":"assertEventTrigger","decl":{"start":{"line":42,"column":16},"end":{"line":42,"column":null}},"loc":{"start":{"line":45,"column":8},"end":{"line":54,"column":null}}},"1":{"name":"nowIsoUtcSeconds","decl":{"start":{"line":57,"column":9},"end":{"line":57,"column":36}},"loc":{"start":{"line":57,"column":36},"end":{"line":61,"column":null}}},"2":{"name":"createEvent","decl":{"start":{"line":63,"column":16},"end":{"line":63,"column":28}},"loc":{"start":{"line":63,"column":65},"end":{"line":80,"column":null}}},"3":{"name":"createDraftEvent","decl":{"start":{"line":82,"column":16},"end":{"line":82,"column":null}},"loc":{"start":{"line":86,"column":16},"end":{"line":94,"column":null}}},"4":{"name":"createReadyEvent","decl":{"start":{"line":96,"column":16},"end":{"line":96,"column":null}},"loc":{"start":{"line":100,"column":16},"end":{"line":108,"column":null}}},"5":{"name":"createBlockedEvent","decl":{"start":{"line":119,"column":16},"end":{"line":119,"column":null}},"loc":{"start":{"line":123,"column":16},"end":{"line":155,"column":null}}},"6":{"name":"(anonymous_6)","decl":{"start":{"line":134,"column":46},"end":{"line":134,"column":47}},"loc":{"start":{"line":134,"column":53},"end":{"line":146,"column":3}}},"7":{"name":"createInProgressEvent","decl":{"start":{"line":160,"column":16},"end":{"line":160,"column":null}},"loc":{"start":{"line":164,"column":16},"end":{"line":172,"column":null}}},"8":{"name":"createInReviewEvent","decl":{"start":{"line":174,"column":16},"end":{"line":174,"column":null}},"loc":{"start":{"line":178,"column":16},"end":{"line":186,"column":null}}},"9":{"name":"createCompletedEvent","decl":{"start":{"line":188,"column":16},"end":{"line":188,"column":null}},"loc":{"start":{"line":192,"column":16},"end":{"line":200,"column":null}}},"10":{"name":"createCancelledEvent","decl":{"start":{"line":202,"column":16},"end":{"line":202,"column":null}},"loc":{"start":{"line":206,"column":16},"end":{"line":214,"column":null}}},"11":{"name":"createArchivedEvent","decl":{"start":{"line":219,"column":16},"end":{"line":219,"column":null}},"loc":{"start":{"line":224,"column":16},"end":{"line":240,"column":null}}}},"branchMap":{"0":{"loc":{"start":{"line":47,"column":2},"end":{"line":47,"column":null}},"type":"if","locations":[{"start":{"line":47,"column":2},"end":{"line":47,"column":null}},{"start":{},"end":{}}]},"1":{"loc":{"start":{"line":47,"column":6},"end":{"line":47,"column":40}},"type":"binary-expr","locations":[{"start":{"line":47,"column":6},"end":{"line":47,"column":18}},{"start":{"line":47,"column":18},"end":{"line":47,"column":40}}]},"2":{"loc":{"start":{"line":48,"column":2},"end":{"line":53,"column":null}},"type":"if","locations":[{"start":{"line":48,"column":2},"end":{"line":53,"column":null}},{"start":{},"end":{}}]},"3":{"loc":{"start":{"line":66,"column":2},"end":{"line":68,"column":null}},"type":"if","locations":[{"start":{"line":66,"column":2},"end":{"line":68,"column":null}},{"start":{},"end":{}}]},"4":{"loc":{"start":{"line":77,"column":15},"end":{"line":77,"column":null}},"type":"binary-expr","locations":[{"start":{"line":77,"column":15},"end":{"line":77,"column":28}},{"start":{"line":77,"column":28},"end":{"line":77,"column":null}}]},"5":{"loc":{"start":{"line":78,"column":8},"end":{"line":78,"column":null}},"type":"cond-expr","locations":[{"start":{"line":78,"column":19},"end":{"line":78,"column":34}},{"start":{"line":78,"column":34},"end":{"line":78,"column":null}}]},"6":{"loc":{"start":{"line":124,"column":2},"end":{"line":131,"column":null}},"type":"if","locations":[{"start":{"line":124,"column":2},"end":{"line":131,"column":null}},{"start":{},"end":{}}]},"7":{"loc":{"start":{"line":125,"column":4},"end":{"line":126,"column":null}},"type":"binary-expr","locations":[{"start":{"line":125,"column":4},"end":{"line":125,"column":null}},{"start":{"line":126,"column":4},"end":{"line":126,"column":null}}]},"8":{"loc":{"start":{"line":136,"column":4},"end":{"line":140,"column":null}},"type":"if","locations":[{"start":{"line":136,"column":4},"end":{"line":140,"column":null}},{"start":{},"end":{}}]},"9":{"loc":{"start":{"line":136,"column":8},"end":{"line":136,"column":73}},"type":"binary-expr","locations":[{"start":{"line":136,"column":8},"end":{"line":136,"column":20}},{"start":{"line":136,"column":20},"end":{"line":136,"column":37}},{"start":{"line":136,"column":37},"end":{"line":136,"column":73}}]},"10":{"loc":{"start":{"line":143,"column":10},"end":{"line":143,"column":null}},"type":"cond-expr","locations":[{"start":{"line":143,"column":21},"end":{"line":143,"column":42}},{"start":{"line":143,"column":42},"end":{"line":143,"column":null}}]},"11":{"loc":{"start":{"line":144,"column":10},"end":{"line":144,"column":null}},"type":"cond-expr","locations":[{"start":{"line":144,"column":26},"end":{"line":144,"column":59}},{"start":{"line":144,"column":59},"end":{"line":144,"column":null}}]},"12":{"loc":{"start":{"line":225,"column":2},"end":{"line":232,"column":null}},"type":"if","locations":[{"start":{"line":225,"column":2},"end":{"line":232,"column":null}},{"start":{},"end":{}}]},"13":{"loc":{"start":{"line":226,"column":4},"end":{"line":227,"column":null}},"type":"binary-expr","locations":[{"start":{"line":226,"column":4},"end":{"line":226,"column":null}},{"start":{"line":227,"column":4},"end":{"line":227,"column":null}}]}},"s":{"0":1,"1":12,"2":12,"3":0,"4":12,"5":1,"6":1,"7":10,"8":10,"9":13,"10":13,"11":1,"12":12,"13":11,"14":1,"15":1,"16":3,"17":1,"18":2,"19":3,"20":3,"21":1,"22":2,"23":1,"24":1,"25":1,"26":1,"27":1,"28":3,"29":1,"30":2},"f":{"0":12,"1":10,"2":13,"3":1,"4":1,"5":3,"6":3,"7":1,"8":1,"9":1,"10":1,"11":3},"b":{"0":[0,12],"1":[12,12],"2":[1,11],"3":[1,12],"4":[11,10],"5":[3,8],"6":[1,2],"7":[3,3],"8":[1,2],"9":[3,2,2],"10":[1,1],"11":[1,1],"12":[1,2],"13":[3,2]}}
,"/home/runner/work/kodebase/kodebase/packages/core/src/state/event-order.ts": {"path":"/home/runner/work/kodebase/kodebase/packages/core/src/state/event-order.ts","statementMap":{"0":{"start":{"line":32,"column":4},"end":{"line":32,"column":null}},"1":{"start":{"line":33,"column":4},"end":{"line":33,"column":null}},"2":{"start":{"line":34,"column":4},"end":{"line":34,"column":null}},"3":{"start":{"line":35,"column":4},"end":{"line":35,"column":null}},"4":{"start":{"line":36,"column":4},"end":{"line":36,"column":null}},"5":{"start":{"line":37,"column":4},"end":{"line":37,"column":null}},"6":{"start":{"line":43,"column":2},"end":{"line":47,"column":null}},"7":{"start":{"line":44,"column":4},"end":{"line":46,"column":null}},"8":{"start":{"line":49,"column":16},"end":{"line":49,"column":null}},"9":{"start":{"line":50,"column":2},"end":{"line":56,"column":null}},"10":{"start":{"line":51,"column":4},"end":{"line":55,"column":null}},"11":{"start":{"line":58,"column":2},"end":{"line":84,"column":null}},"12":{"start":{"line":58,"column":15},"end":{"line":58,"column":18}},"13":{"start":{"line":59,"column":17},"end":{"line":59,"column":null}},"14":{"start":{"line":60,"column":17},"end":{"line":60,"column":null}},"15":{"start":{"line":61,"column":4},"end":{"line":65,"column":null}},"16":{"start":{"line":64,"column":6},"end":{"line":64,"column":null}},"17":{"start":{"line":67,"column":21},"end":{"line":67,"column":null}},"18":{"start":{"line":68,"column":21},"end":{"line":68,"column":null}},"19":{"start":{"line":69,"column":4},"end":{"line":72,"column":null}},"20":{"start":{"line":71,"column":6},"end":{"line":71,"column":null}},"21":{"start":{"line":73,"column":4},"end":{"line":83,"column":null}},"22":{"start":{"line":74,"column":6},"end":{"line":82,"column":null}}},"fnMap":{"0":{"name":"(anonymous_0)","decl":{"start":{"line":23,"column":2},"end":{"line":23,"column":null}},"loc":{"start":{"line":31,"column":4},"end":{"line":38,"column":null}}},"1":{"name":"validateEventOrder","decl":{"start":{"line":42,"column":16},"end":{"line":42,"column":35}},"loc":{"start":{"line":42,"column":78},"end":{"line":85,"column":null}}}},"branchMap":{"0":{"loc":{"start":{"line":43,"column":2},"end":{"line":47,"column":null}},"type":"if","locations":[{"start":{"line":43,"column":2},"end":{"line":47,"column":null}},{"start":{},"end":{}}]},"1":{"loc":{"start":{"line":50,"column":2},"end":{"line":56,"column":null}},"type":"if","locations":[{"start":{"line":50,"column":2},"end":{"line":56,"column":null}},{"start":{},"end":{}}]},"2":{"loc":{"start":{"line":50,"column":6},"end":{"line":50,"column":54}},"type":"binary-expr","locations":[{"start":{"line":50,"column":6},"end":{"line":50,"column":16}},{"start":{"line":50,"column":16},"end":{"line":50,"column":54}}]},"3":{"loc":{"start":{"line":61,"column":4},"end":{"line":65,"column":null}},"type":"if","locations":[{"start":{"line":61,"column":4},"end":{"line":65,"column":null}},{"start":{},"end":{}}]},"4":{"loc":{"start":{"line":61,"column":8},"end":{"line":61,"column":24}},"type":"binary-expr","locations":[{"start":{"line":61,"column":8},"end":{"line":61,"column":17}},{"start":{"line":61,"column":17},"end":{"line":61,"column":24}}]},"5":{"loc":{"start":{"line":69,"column":4},"end":{"line":72,"column":null}},"type":"if","locations":[{"start":{"line":69,"column":4},"end":{"line":72,"column":null}},{"start":{},"end":{}}]},"6":{"loc":{"start":{"line":69,"column":8},"end":{"line":69,"column":58}},"type":"binary-expr","locations":[{"start":{"line":69,"column":8},"end":{"line":69,"column":34}},{"start":{"line":69,"column":34},"end":{"line":69,"column":58}}]},"7":{"loc":{"start":{"line":73,"column":4},"end":{"line":83,"column":null}},"type":"if","locations":[{"start":{"line":73,"column":4},"end":{"line":83,"column":null}},{"start":{},"end":{}}]}},"s":{"0":4,"1":4,"2":4,"3":4,"4":4,"5":4,"6":7,"7":1,"8":6,"9":6,"10":1,"11":5,"12":5,"13":12,"14":12,"15":12,"16":0,"17":12,"18":12,"19":12,"20":0,"21":12,"22":2},"f":{"0":4,"1":7},"b":{"0":[1,6],"1":[1,5],"2":[6,6],"3":[0,12],"4":[12,12],"5":[0,12],"6":[12,12],"7":[2,10]}}
,"/home/runner/work/kodebase/kodebase/packages/core/src/state/state-machine.ts": {"path":"/home/runner/work/kodebase/kodebase/packages/core/src/state/state-machine.ts","statementMap":{"0":{"start":{"line":9,"column":4},"end":{"line":71,"column":null}},"1":{"start":{"line":88,"column":4},"end":{"line":88,"column":null}},"2":{"start":{"line":89,"column":4},"end":{"line":89,"column":null}},"3":{"start":{"line":90,"column":4},"end":{"line":90,"column":null}},"4":{"start":{"line":91,"column":4},"end":{"line":91,"column":null}},"5":{"start":{"line":92,"column":4},"end":{"line":92,"column":null}},"6":{"start":{"line":93,"column":4},"end":{"line":93,"column":null}},"7":{"start":{"line":102,"column":22},"end":{"line":102,"column":null}},"8":{"start":{"line":103,"column":2},"end":{"line":103,"column":null}},"9":{"start":{"line":103,"column":20},"end":{"line":103,"column":null}},"10":{"start":{"line":104,"column":16},"end":{"line":104,"column":null}},"11":{"start":{"line":105,"column":2},"end":{"line":105,"column":null}},"12":{"start":{"line":105,"column":14},"end":{"line":105,"column":null}},"13":{"start":{"line":106,"column":2},"end":{"line":106,"column":null}},"14":{"start":{"line":113,"column":22},"end":{"line":113,"column":null}},"15":{"start":{"line":114,"column":2},"end":{"line":114,"column":null}},"16":{"start":{"line":114,"column":20},"end":{"line":114,"column":null}},"17":{"start":{"line":115,"column":15},"end":{"line":115,"column":null}},"18":{"start":{"line":117,"column":15},"end":{"line":117,"column":null}},"19":{"start":{"line":118,"column":35},"end":{"line":118,"column":null}},"20":{"start":{"line":119,"column":2},"end":{"line":124,"column":null}},"21":{"start":{"line":120,"column":4},"end":{"line":123,"column":null}},"22":{"start":{"line":121,"column":6},"end":{"line":121,"column":null}},"23":{"start":{"line":122,"column":6},"end":{"line":122,"column":null}},"24":{"start":{"line":125,"column":2},"end":{"line":125,"column":null}},"25":{"start":{"line":133,"column":2},"end":{"line":133,"column":null}},"26":{"start":{"line":133,"column":55},"end":{"line":133,"column":null}},"27":{"start":{"line":134,"column":27},"end":{"line":134,"column":null}},"28":{"start":{"line":136,"column":4},"end":{"line":139,"column":null}},"29":{"start":{"line":140,"column":2},"end":{"line":145,"column":null}},"30":{"start":{"line":149,"column":2},"end":{"line":149,"column":null}}},"fnMap":{"0":{"name":"(anonymous_0)","decl":{"start":{"line":79,"column":2},"end":{"line":79,"column":null}},"loc":{"start":{"line":87,"column":4},"end":{"line":94,"column":null}}},"1":{"name":"canTransition","decl":{"start":{"line":97,"column":16},"end":{"line":97,"column":null}},"loc":{"start":{"line":101,"column":11},"end":{"line":107,"column":null}}},"2":{"name":"getValidTransitions","decl":{"start":{"line":109,"column":16},"end":{"line":109,"column":null}},"loc":{"start":{"line":112,"column":20},"end":{"line":126,"column":null}}},"3":{"name":"assertTransition","decl":{"start":{"line":128,"column":16},"end":{"line":128,"column":null}},"loc":{"start":{"line":132,"column":8},"end":{"line":146,"column":null}}},"4":{"name":"getStateTransitionsMap","decl":{"start":{"line":148,"column":16},"end":{"line":148,"column":41}},"loc":{"start":{"line":148,"column":41},"end":{"line":150,"column":null}}}},"branchMap":{"0":{"loc":{"start":{"line":103,"column":2},"end":{"line":103,"column":null}},"type":"if","locations":[{"start":{"line":103,"column":2},"end":{"line":103,"column":null}},{"start":{},"end":{}}]},"1":{"loc":{"start":{"line":105,"column":2},"end":{"line":105,"column":null}},"type":"if","locations":[{"start":{"line":105,"column":2},"end":{"line":105,"column":null}},{"start":{},"end":{}}]},"2":{"loc":{"start":{"line":114,"column":2},"end":{"line":114,"column":null}},"type":"if","locations":[{"start":{"line":114,"column":2},"end":{"line":114,"column":null}},{"start":{},"end":{}}]},"3":{"loc":{"start":{"line":115,"column":15},"end":{"line":115,"column":null}},"type":"binary-expr","locations":[{"start":{"line":115,"column":15},"end":{"line":115,"column":44}},{"start":{"line":115,"column":44},"end":{"line":115,"column":null}}]},"4":{"loc":{"start":{"line":120,"column":4},"end":{"line":123,"column":null}},"type":"if","locations":[{"start":{"line":120,"column":4},"end":{"line":123,"column":null}},{"start":{},"end":{}}]},"5":{"loc":{"start":{"line":133,"column":2},"end":{"line":133,"column":null}},"type":"if","locations":[{"start":{"line":133,"column":2},"end":{"line":133,"column":null}},{"start":{},"end":{}}]},"6":{"loc":{"start":{"line":137,"column":5},"end":{"line":139,"column":null}},"type":"cond-expr","locations":[{"start":{"line":138,"column":8},"end":{"line":138,"column":null}},{"start":{"line":139,"column":8},"end":{"line":139,"column":null}}]}},"s":{"0":1,"1":1,"2":1,"3":1,"4":1,"5":1,"6":1,"7":32,"8":32,"9":0,"10":32,"11":32,"12":0,"13":32,"14":4,"15":4,"16":0,"17":4,"18":4,"19":4,"20":4,"21":9,"22":9,"23":9,"24":4,"25":13,"26":12,"27":1,"28":1,"29":1,"30":1},"f":{"0":1,"1":32,"2":4,"3":13,"4":1},"b":{"0":[0,32],"1":[0,32],"2":[0,4],"3":[4,0],"4":[9,0],"5":[12,1],"6":[1,0]}}
,"/home/runner/work/kodebase/kodebase/packages/core/src/test-utils/load-fixture.ts": {"path":"/home/runner/work/kodebase/kodebase/packages/core/src/test-utils/load-fixture.ts","statementMap":{"0":{"start":{"line":5,"column":17},"end":{"line":8,"column":null}},"1":{"start":{"line":11,"column":19},"end":{"line":11,"column":null}},"2":{"start":{"line":12,"column":2},"end":{"line":12,"column":null}},"3":{"start":{"line":16,"column":14},"end":{"line":16,"column":null}},"4":{"start":{"line":17,"column":2},"end":{"line":17,"column":null}}},"fnMap":{"0":{"name":"readFixture","decl":{"start":{"line":10,"column":16},"end":{"line":10,"column":28}},"loc":{"start":{"line":10,"column":50},"end":{"line":13,"column":null}}},"1":{"name":"readFixtureJson","decl":{"start":{"line":15,"column":16},"end":{"line":15,"column":35}},"loc":{"start":{"line":15,"column":52},"end":{"line":18,"column":null}}}},"branchMap":{},"s":{"0":4,"1":22,"2":22,"3":12,"4":12},"f":{"0":22,"1":12},"b":{}}
,"/home/runner/work/kodebase/kodebase/packages/core/src/validator/artifact-validator.ts": {"path":"/home/runner/work/kodebase/kodebase/packages/core/src/validator/artifact-validator.ts","statementMap":{"0":{"start":{"line":48,"column":4},"end":{"line":48,"column":null}},"1":{"start":{"line":49,"column":4},"end":{"line":49,"column":null}},"2":{"start":{"line":50,"column":4},"end":{"line":50,"column":null}},"3":{"start":{"line":51,"column":4},"end":{"line":51,"column":null}},"4":{"start":{"line":52,"column":4},"end":{"line":52,"column":null}},"5":{"start":{"line":71,"column":25},"end":{"line":75,"column":null}},"6":{"start":{"line":100,"column":30},"end":{"line":105,"column":null}},"7":{"start":{"line":108,"column":2},"end":{"line":121,"column":null}},"8":{"start":{"line":109,"column":55},"end":{"line":109,"column":null}},"9":{"start":{"line":114,"column":4},"end":{"line":120,"column":null}},"10":{"start":{"line":123,"column":2},"end":{"line":131,"column":null}},"11":{"start":{"line":124,"column":42},"end":{"line":124,"column":null}},"12":{"start":{"line":125,"column":4},"end":{"line":130,"column":null}},"13":{"start":{"line":133,"column":2},"end":{"line":135,"column":null}},"14":{"start":{"line":134,"column":4},"end":{"line":134,"column":null}},"15":{"start":{"line":137,"column":2},"end":{"line":137,"column":null}},"16":{"start":{"line":143,"column":2},"end":{"line":143,"column":null}},"17":{"start":{"line":150,"column":39},"end":{"line":150,"column":null}},"18":{"start":{"line":152,"column":23},"end":{"line":243,"column":null}},"19":{"start":{"line":153,"column":22},"end":{"line":158,"column":null}},"20":{"start":{"line":157,"column":6},"end":{"line":157,"column":null}},"21":{"start":{"line":160,"column":4},"end":{"line":242,"column":null}},"22":{"start":{"line":162,"column":26},"end":{"line":162,"column":null}},"23":{"start":{"line":163,"column":8},"end":{"line":169,"column":null}},"24":{"start":{"line":164,"column":10},"end":{"line":167,"column":null}},"25":{"start":{"line":168,"column":10},"end":{"line":168,"column":null}},"26":{"start":{"line":170,"column":8},"end":{"line":175,"column":null}},"27":{"start":{"line":171,"column":10},"end":{"line":174,"column":null}},"28":{"start":{"line":176,"column":8},"end":{"line":176,"column":null}},"29":{"start":{"line":180,"column":24},"end":{"line":180,"column":null}},"30":{"start":{"line":181,"column":31},"end":{"line":181,"column":null}},"31":{"start":{"line":183,"column":26},"end":{"line":183,"column":null}},"32":{"start":{"line":184,"column":8},"end":{"line":190,"column":null}},"33":{"start":{"line":185,"column":10},"end":{"line":188,"column":null}},"34":{"start":{"line":189,"column":10},"end":{"line":189,"column":null}},"35":{"start":{"line":191,"column":8},"end":{"line":197,"column":null}},"36":{"start":{"line":192,"column":10},"end":{"line":195,"column":null}},"37":{"start":{"line":196,"column":10},"end":{"line":196,"column":null}},"38":{"start":{"line":198,"column":8},"end":{"line":203,"column":null}},"39":{"start":{"line":199,"column":10},"end":{"line":202,"column":null}},"40":{"start":{"line":204,"column":8},"end":{"line":204,"column":null}},"41":{"start":{"line":208,"column":33},"end":{"line":208,"column":null}},"42":{"start":{"line":209,"column":32},"end":{"line":209,"column":null}},"43":{"start":{"line":210,"column":24},"end":{"line":210,"column":null}},"44":{"start":{"line":212,"column":26},"end":{"line":212,"column":null}},"45":{"start":{"line":213,"column":8},"end":{"line":219,"column":null}},"46":{"start":{"line":214,"column":10},"end":{"line":217,"column":null}},"47":{"start":{"line":218,"column":10},"end":{"line":218,"column":null}},"48":{"start":{"line":220,"column":8},"end":{"line":226,"column":null}},"49":{"start":{"line":221,"column":10},"end":{"line":224,"column":null}},"50":{"start":{"line":225,"column":10},"end":{"line":225,"column":null}},"51":{"start":{"line":227,"column":8},"end":{"line":233,"column":null}},"52":{"start":{"line":228,"column":10},"end":{"line":231,"column":null}},"53":{"start":{"line":232,"column":10},"end":{"line":232,"column":null}},"54":{"start":{"line":234,"column":8},"end":{"line":239,"column":null}},"55":{"start":{"line":235,"column":10},"end":{"line":238,"column":null}},"56":{"start":{"line":240,"column":8},"end":{"line":240,"column":null}},"57":{"start":{"line":245,"column":2},"end":{"line":247,"column":null}},"58":{"start":{"line":246,"column":4},"end":{"line":246,"column":null}},"59":{"start":{"line":248,"column":2},"end":{"line":250,"column":null}},"60":{"start":{"line":249,"column":4},"end":{"line":249,"column":null}},"61":{"start":{"line":252,"column":2},"end":{"line":252,"column":null}},"62":{"start":{"line":259,"column":16},"end":{"line":259,"column":null}},"63":{"start":{"line":260,"column":22},"end":{"line":260,"column":null}},"64":{"start":{"line":261,"column":2},"end":{"line":268,"column":null}},"65":{"start":{"line":276,"column":24},"end":{"line":276,"column":null}},"66":{"start":{"line":277,"column":21},"end":{"line":277,"column":null}},"67":{"start":{"line":279,"column":2},"end":{"line":287,"column":null}},"68":{"start":{"line":280,"column":4},"end":{"line":285,"column":null}},"69":{"start":{"line":281,"column":6},"end":{"line":284,"column":null}},"70":{"start":{"line":286,"column":4},"end":{"line":286,"column":null}},"71":{"start":{"line":289,"column":21},"end":{"line":289,"column":null}},"72":{"start":{"line":290,"column":18},"end":{"line":290,"column":null}},"73":{"start":{"line":291,"column":2},"end":{"line":296,"column":null}},"74":{"start":{"line":292,"column":4},"end":{"line":295,"column":null}},"75":{"start":{"line":298,"column":2},"end":{"line":303,"column":null}},"76":{"start":{"line":299,"column":4},"end":{"line":302,"column":null}},"77":{"start":{"line":305,"column":2},"end":{"line":307,"column":null}},"78":{"start":{"line":306,"column":4},"end":{"line":306,"column":null}},"79":{"start":{"line":309,"column":17},"end":{"line":309,"column":null}},"80":{"start":{"line":310,"column":2},"end":{"line":312,"column":null}},"81":{"start":{"line":311,"column":4},"end":{"line":311,"column":null}},"82":{"start":{"line":316,"column":2},"end":{"line":316,"column":null}},"83":{"start":{"line":323,"column":2},"end":{"line":327,"column":null}},"84":{"start":{"line":336,"column":17},"end":{"line":336,"column":null}},"85":{"start":{"line":337,"column":2},"end":{"line":339,"column":null}},"86":{"start":{"line":338,"column":4},"end":{"line":338,"column":null}},"87":{"start":{"line":340,"column":15},"end":{"line":340,"column":null}},"88":{"start":{"line":341,"column":2},"end":{"line":341,"column":null}},"89":{"start":{"line":342,"column":2},"end":{"line":342,"column":null}},"90":{"start":{"line":346,"column":18},"end":{"line":346,"column":null}},"91":{"start":{"line":347,"column":2},"end":{"line":353,"column":null}},"92":{"start":{"line":348,"column":19},"end":{"line":348,"column":null}},"93":{"start":{"line":349,"column":4},"end":{"line":351,"column":null}},"94":{"start":{"line":350,"column":6},"end":{"line":350,"column":null}},"95":{"start":{"line":352,"column":4},"end":{"line":352,"column":null}},"96":{"start":{"line":355,"column":2},"end":{"line":360,"column":null}},"97":{"start":{"line":356,"column":4},"end":{"line":359,"column":null}},"98":{"start":{"line":362,"column":2},"end":{"line":362,"column":null}},"99":{"start":{"line":366,"column":19},"end":{"line":366,"column":null}},"100":{"start":{"line":367,"column":18},"end":{"line":367,"column":null}},"101":{"start":{"line":368,"column":2},"end":{"line":373,"column":null}},"102":{"start":{"line":369,"column":4},"end":{"line":372,"column":null}},"103":{"start":{"line":375,"column":41},"end":{"line":387,"column":null}},"104":{"start":{"line":377,"column":21},"end":{"line":377,"column":null}},"105":{"start":{"line":378,"column":6},"end":{"line":380,"column":null}},"106":{"start":{"line":379,"column":8},"end":{"line":379,"column":null}},"107":{"start":{"line":381,"column":6},"end":{"line":385,"column":null}},"108":{"start":{"line":389,"column":21},"end":{"line":389,"column":null}},"109":{"start":{"line":389,"column":54},"end":{"line":389,"column":72}},"110":{"start":{"line":390,"column":2},"end":{"line":392,"column":null}},"111":{"start":{"line":391,"column":4},"end":{"line":391,"column":null}},"112":{"start":{"line":394,"column":17},"end":{"line":401,"column":null}},"113":{"start":{"line":399,"column":8},"end":{"line":399,"column":null}},"114":{"start":{"line":401,"column":20},"end":{"line":401,"column":39}},"115":{"start":{"line":403,"column":25},"end":{"line":403,"column":null}},"116":{"start":{"line":405,"column":2},"end":{"line":410,"column":null}},"117":{"start":{"line":406,"column":4},"end":{"line":409,"column":null}},"118":{"start":{"line":412,"column":2},"end":{"line":417,"column":null}},"119":{"start":{"line":413,"column":4},"end":{"line":416,"column":null}},"120":{"start":{"line":419,"column":2},"end":{"line":419,"column":null}},"121":{"start":{"line":426,"column":2},"end":{"line":426,"column":null}},"122":{"start":{"line":433,"column":2},"end":{"line":433,"column":null}},"123":{"start":{"line":440,"column":2},"end":{"line":440,"column":null}},"124":{"start":{"line":453,"column":15},"end":{"line":453,"column":null}},"125":{"start":{"line":455,"column":2},"end":{"line":469,"column":null}},"126":{"start":{"line":457,"column":6},"end":{"line":457,"column":null}},"127":{"start":{"line":459,"column":6},"end":{"line":459,"column":null}},"128":{"start":{"line":461,"column":6},"end":{"line":461,"column":null}},"129":{"start":{"line":463,"column":32},"end":{"line":463,"column":null}},"130":{"start":{"line":464,"column":6},"end":{"line":467,"column":null}},"131":{"start":{"line":472,"column":33},"end":{"line":482,"column":null}}},"fnMap":{"0":{"name":"(anonymous_0)","decl":{"start":{"line":40,"column":2},"end":{"line":40,"column":null}},"loc":{"start":{"line":47,"column":4},"end":{"line":53,"column":null}}},"1":{"name":"parseArtifactIdParts","decl":{"start":{"line":107,"column":9},"end":{"line":107,"column":30}},"loc":{"start":{"line":107,"column":66},"end":{"line":138,"column":null}}},"2":{"name":"relationshipsHaveEntries","decl":{"start":{"line":140,"column":9},"end":{"line":140,"column":null}},"loc":{"start":{"line":142,"column":11},"end":{"line":144,"column":null}}},"3":{"name":"collectRelationshipIssues","decl":{"start":{"line":146,"column":9},"end":{"line":146,"column":null}},"loc":{"start":{"line":149,"column":24},"end":{"line":253,"column":null}}},"4":{"name":"(anonymous_4)","decl":{"start":{"line":152,"column":23},"end":{"line":152,"column":24}},"loc":{"start":{"line":152,"column":65},"end":{"line":243,"column":null}}},"5":{"name":"(anonymous_5)","decl":{"start":{"line":153,"column":22},"end":{"line":153,"column":null}},"loc":{"start":{"line":156,"column":9},"end":{"line":158,"column":null}}},"6":{"name":"(anonymous_6)","decl":{"start":{"line":245,"column":31},"end":{"line":245,"column":32}},"loc":{"start":{"line":245,"column":46},"end":{"line":247,"column":3}}},"7":{"name":"(anonymous_7)","decl":{"start":{"line":248,"column":35},"end":{"line":248,"column":36}},"loc":{"start":{"line":248,"column":50},"end":{"line":250,"column":3}}},"8":{"name":"throwRelationshipValidationError","decl":{"start":{"line":255,"column":9},"end":{"line":255,"column":null}},"loc":{"start":{"line":258,"column":9},"end":{"line":269,"column":null}}},"9":{"name":"enforceRelationshipConstraints","decl":{"start":{"line":271,"column":9},"end":{"line":271,"column":null}},"loc":{"start":{"line":275,"column":2},"end":{"line":313,"column":null}}},"10":{"name":"isPlainObject","decl":{"start":{"line":315,"column":9},"end":{"line":315,"column":23}},"loc":{"start":{"line":315,"column":73},"end":{"line":317,"column":null}}},"11":{"name":"throwValidationError","decl":{"start":{"line":319,"column":9},"end":{"line":319,"column":null}},"loc":{"start":{"line":322,"column":9},"end":{"line":328,"column":null}}},"12":{"name":"mustParse","decl":{"start":{"line":330,"column":9},"end":{"line":330,"column":null}},"loc":{"start":{"line":335,"column":5},"end":{"line":343,"column":null}}},"13":{"name":"ensureObject","decl":{"start":{"line":345,"column":9},"end":{"line":345,"column":22}},"loc":{"start":{"line":345,"column":63},"end":{"line":363,"column":null}}},"14":{"name":"getArtifactType","decl":{"start":{"line":365,"column":16},"end":{"line":365,"column":32}},"loc":{"start":{"line":365,"column":63},"end":{"line":420,"column":null}}},"15":{"name":"(anonymous_15)","decl":{"start":{"line":376,"column":4},"end":{"line":376,"column":5}},"loc":{"start":{"line":376,"column":26},"end":{"line":386,"column":null}}},"16":{"name":"(anonymous_16)","decl":{"start":{"line":389,"column":38},"end":{"line":389,"column":39}},"loc":{"start":{"line":389,"column":54},"end":{"line":389,"column":72}}},"17":{"name":"(anonymous_17)","decl":{"start":{"line":396,"column":6},"end":{"line":396,"column":null}},"loc":{"start":{"line":399,"column":8},"end":{"line":399,"column":null}}},"18":{"name":"(anonymous_18)","decl":{"start":{"line":401,"column":10},"end":{"line":401,"column":11}},"loc":{"start":{"line":401,"column":20},"end":{"line":401,"column":39}}},"19":{"name":"validateInitiative","decl":{"start":{"line":422,"column":16},"end":{"line":422,"column":null}},"loc":{"start":{"line":425,"column":15},"end":{"line":427,"column":null}}},"20":{"name":"validateMilestone","decl":{"start":{"line":429,"column":16},"end":{"line":429,"column":null}},"loc":{"start":{"line":432,"column":14},"end":{"line":434,"column":null}}},"21":{"name":"validateIssue","decl":{"start":{"line":436,"column":16},"end":{"line":436,"column":null}},"loc":{"start":{"line":439,"column":10},"end":{"line":441,"column":null}}},"22":{"name":"validateArtifact","decl":{"start":{"line":448,"column":16},"end":{"line":448,"column":null}},"loc":{"start":{"line":452,"column":29},"end":{"line":470,"column":null}}}},"branchMap":{"0":{"loc":{"start":{"line":108,"column":2},"end":{"line":121,"column":null}},"type":"if","locations":[{"start":{"line":108,"column":2},"end":{"line":121,"column":null}},{"start":{},"end":{}}]},"1":{"loc":{"start":{"line":123,"column":2},"end":{"line":131,"column":null}},"type":"if","locations":[{"start":{"line":123,"column":2},"end":{"line":131,"column":null}},{"start":{},"end":{}}]},"2":{"loc":{"start":{"line":133,"column":2},"end":{"line":135,"column":null}},"type":"if","locations":[{"start":{"line":133,"column":2},"end":{"line":135,"column":null}},{"start":{},"end":{}}]},"3":{"loc":{"start":{"line":143,"column":9},"end":{"line":143,"column":null}},"type":"binary-expr","locations":[{"start":{"line":143,"column":9},"end":{"line":143,"column":44}},{"start":{"line":143,"column":44},"end":{"line":143,"column":null}}]},"4":{"loc":{"start":{"line":160,"column":4},"end":{"line":242,"column":null}},"type":"switch","locations":[{"start":{"line":161,"column":6},"end":{"line":177,"column":null}},{"start":{"line":179,"column":6},"end":{"line":205,"column":null}},{"start":{"line":207,"column":6},"end":{"line":241,"column":null}}]},"5":{"loc":{"start":{"line":163,"column":8},"end":{"line":169,"column":null}},"type":"if","locations":[{"start":{"line":163,"column":8},"end":{"line":169,"column":null}},{"start":{},"end":{}}]},"6":{"loc":{"start":{"line":170,"column":8},"end":{"line":175,"column":null}},"type":"if","locations":[{"start":{"line":170,"column":8},"end":{"line":175,"column":null}},{"start":{},"end":{}}]},"7":{"loc":{"start":{"line":184,"column":8},"end":{"line":190,"column":null}},"type":"if","locations":[{"start":{"line":184,"column":8},"end":{"line":190,"column":null}},{"start":{},"end":{}}]},"8":{"loc":{"start":{"line":191,"column":8},"end":{"line":197,"column":null}},"type":"if","locations":[{"start":{"line":191,"column":8},"end":{"line":197,"column":null}},{"start":{},"end":{}}]},"9":{"loc":{"start":{"line":198,"column":8},"end":{"line":203,"column":null}},"type":"if","locations":[{"start":{"line":198,"column":8},"end":{"line":203,"column":null}},{"start":{},"end":{}}]},"10":{"loc":{"start":{"line":213,"column":8},"end":{"line":219,"column":null}},"type":"if","locations":[{"start":{"line":213,"column":8},"end":{"line":219,"column":null}},{"start":{},"end":{}}]},"11":{"loc":{"start":{"line":220,"column":8},"end":{"line":226,"column":null}},"type":"if","locations":[{"start":{"line":220,"column":8},"end":{"line":226,"column":null}},{"start":{},"end":{}}]},"12":{"loc":{"start":{"line":227,"column":8},"end":{"line":233,"column":null}},"type":"if","locations":[{"start":{"line":227,"column":8},"end":{"line":233,"column":null}},{"start":{},"end":{}}]},"13":{"loc":{"start":{"line":234,"column":8},"end":{"line":239,"column":null}},"type":"if","locations":[{"start":{"line":234,"column":8},"end":{"line":239,"column":null}},{"start":{},"end":{}}]},"14":{"loc":{"start":{"line":260,"column":22},"end":{"line":260,"column":null}},"type":"cond-expr","locations":[{"start":{"line":260,"column":36},"end":{"line":260,"column":46}},{"start":{"line":260,"column":46},"end":{"line":260,"column":null}}]},"15":{"loc":{"start":{"line":279,"column":2},"end":{"line":287,"column":null}},"type":"if","locations":[{"start":{"line":279,"column":2},"end":{"line":287,"column":null}},{"start":{},"end":{}}]},"16":{"loc":{"start":{"line":280,"column":4},"end":{"line":285,"column":null}},"type":"if","locations":[{"start":{"line":280,"column":4},"end":{"line":285,"column":null}},{"start":{},"end":{}}]},"17":{"loc":{"start":{"line":291,"column":2},"end":{"line":296,"column":null}},"type":"if","locations":[{"start":{"line":291,"column":2},"end":{"line":296,"column":null}},{"start":{},"end":{}}]},"18":{"loc":{"start":{"line":298,"column":2},"end":{"line":303,"column":null}},"type":"if","locations":[{"start":{"line":298,"column":2},"end":{"line":303,"column":null}},{"start":{},"end":{}}]},"19":{"loc":{"start":{"line":305,"column":2},"end":{"line":307,"column":null}},"type":"if","locations":[{"start":{"line":305,"column":2},"end":{"line":307,"column":null}},{"start":{},"end":{}}]},"20":{"loc":{"start":{"line":310,"column":2},"end":{"line":312,"column":null}},"type":"if","locations":[{"start":{"line":310,"column":2},"end":{"line":312,"column":null}},{"start":{},"end":{}}]},"21":{"loc":{"start":{"line":316,"column":9},"end":{"line":316,"column":null}},"type":"binary-expr","locations":[{"start":{"line":316,"column":9},"end":{"line":316,"column":38}},{"start":{"line":316,"column":38},"end":{"line":316,"column":56}},{"start":{"line":316,"column":56},"end":{"line":316,"column":null}}]},"22":{"loc":{"start":{"line":337,"column":2},"end":{"line":339,"column":null}},"type":"if","locations":[{"start":{"line":337,"column":2},"end":{"line":339,"column":null}},{"start":{},"end":{}}]},"23":{"loc":{"start":{"line":347,"column":2},"end":{"line":353,"column":null}},"type":"if","locations":[{"start":{"line":347,"column":2},"end":{"line":353,"column":null}},{"start":{},"end":{}}]},"24":{"loc":{"start":{"line":349,"column":4},"end":{"line":351,"column":null}},"type":"if","locations":[{"start":{"line":349,"column":4},"end":{"line":351,"column":null}},{"start":{},"end":{}}]},"25":{"loc":{"start":{"line":355,"column":2},"end":{"line":360,"column":null}},"type":"if","locations":[{"start":{"line":355,"column":2},"end":{"line":360,"column":null}},{"start":{},"end":{}}]},"26":{"loc":{"start":{"line":368,"column":2},"end":{"line":373,"column":null}},"type":"if","locations":[{"start":{"line":368,"column":2},"end":{"line":373,"column":null}},{"start":{},"end":{}}]},"27":{"loc":{"start":{"line":378,"column":6},"end":{"line":380,"column":null}},"type":"if","locations":[{"start":{"line":378,"column":6},"end":{"line":380,"column":null}},{"start":{},"end":{}}]},"28":{"loc":{"start":{"line":390,"column":2},"end":{"line":392,"column":null}},"type":"if","locations":[{"start":{"line":390,"column":2},"end":{"line":392,"column":null}},{"start":{},"end":{}}]},"29":{"loc":{"start":{"line":405,"column":2},"end":{"line":410,"column":null}},"type":"if","locations":[{"start":{"line":405,"column":2},"end":{"line":410,"column":null}},{"start":{},"end":{}}]},"30":{"loc":{"start":{"line":412,"column":2},"end":{"line":417,"column":null}},"type":"if","locations":[{"start":{"line":412,"column":2},"end":{"line":417,"column":null}},{"start":{},"end":{}}]},"31":{"loc":{"start":{"line":412,"column":6},"end":{"line":412,"column":47}},"type":"binary-expr","locations":[{"start":{"line":412,"column":6},"end":{"line":412,"column":16}},{"start":{"line":412,"column":16},"end":{"line":412,"column":47}}]},"32":{"loc":{"start":{"line":453,"column":15},"end":{"line":453,"column":null}},"type":"binary-expr","locations":[{"start":{"line":453,"column":15},"end":{"line":453,"column":31}},{"start":{"line":453,"column":31},"end":{"line":453,"column":null}}]},"33":{"loc":{"start":{"line":455,"column":2},"end":{"line":469,"column":null}},"type":"switch","locations":[{"start":{"line":456,"column":4},"end":{"line":457,"column":null}},{"start":{"line":458,"column":4},"end":{"line":459,"column":null}},{"start":{"line":460,"column":4},"end":{"line":461,"column":null}},{"start":{"line":462,"column":4},"end":{"line":468,"column":null}}]}},"s":{"0":24,"1":24,"2":24,"3":24,"4":24,"5":2,"6":2,"7":26,"8":13,"9":13,"10":13,"11":6,"12":6,"13":7,"14":3,"15":4,"16":26,"17":11,"18":11,"19":12,"20":10,"21":12,"22":2,"23":2,"24":1,"25":1,"26":1,"27":1,"28":1,"29":3,"30":3,"31":3,"32":3,"33":1,"34":1,"35":2,"36":1,"37":1,"38":1,"39":1,"40":1,"41":7,"42":7,"43":7,"44":7,"45":7,"46":1,"47":1,"48":6,"49":1,"50":1,"51":5,"52":1,"53":1,"54":4,"55":2,"56":4,"57":11,"58":7,"59":11,"60":5,"61":11,"62":10,"63":10,"64":10,"65":26,"66":26,"67":26,"68":12,"69":1,"70":11,"71":14,"72":14,"73":14,"74":1,"75":13,"76":1,"77":12,"78":1,"79":11,"80":11,"81":10,"82":21,"83":6,"84":31,"85":31,"86":5,"87":26,"88":26,"89":13,"90":12,"91":12,"92":2,"93":2,"94":1,"95":1,"96":11,"97":1,"98":10,"99":12,"100":10,"101":10,"102":1,"103":9,"104":27,"105":27,"106":6,"107":21,"108":9,"109":24,"110":9,"111":6,"112":3,"113":9,"114":8,"115":3,"116":3,"117":0,"118":3,"119":2,"120":1,"121":5,"122":7,"123":19,"124":8,"125":7,"126":1,"127":1,"128":4,"129":1,"130":1,"131":2},"f":{"0":24,"1":26,"2":26,"3":11,"4":12,"5":10,"6":7,"7":5,"8":10,"9":26,"10":21,"11":6,"12":31,"13":12,"14":12,"15":27,"16":24,"17":9,"18":8,"19":5,"20":7,"21":19,"22":8},"b":{"0":[13,13],"1":[6,7],"2":[3,4],"3":[26,19],"4":[2,3,7],"5":[1,1],"6":[1,0],"7":[1,2],"8":[1,1],"9":[1,0],"10":[1,6],"11":[1,5],"12":[1,4],"13":[2,2],"14":[10,0],"15":[12,14],"16":[1,11],"17":[1,13],"18":[1,12],"19":[1,11],"20":[10,1],"21":[21,20,20],"22":[5,26],"23":[2,10],"24":[1,1],"25":[1,10],"26":[1,9],"27":[6,21],"28":[6,3],"29":[0,3],"30":[2,1],"31":[3,3],"32":[8,5],"33":[1,1,4,1]}}
,"/home/runner/work/kodebase/kodebase/packages/core/src/validator/dependency-validator.ts": {"path":"/home/runner/work/kodebase/kodebase/packages/core/src/validator/dependency-validator.ts","statementMap":{"0":{"start":{"line":44,"column":2},"end":{"line":46,"column":null}},"1":{"start":{"line":45,"column":4},"end":{"line":45,"column":null}},"2":{"start":{"line":47,"column":2},"end":{"line":49,"column":null}},"3":{"start":{"line":48,"column":4},"end":{"line":48,"column":null}},"4":{"start":{"line":50,"column":2},"end":{"line":52,"column":null}},"5":{"start":{"line":51,"column":4},"end":{"line":51,"column":null}},"6":{"start":{"line":53,"column":2},"end":{"line":53,"column":null}},"7":{"start":{"line":56,"column":53},"end":{"line":60,"column":null}},"8":{"start":{"line":63,"column":2},"end":{"line":63,"column":null}},"9":{"start":{"line":73,"column":16},"end":{"line":73,"column":null}},"10":{"start":{"line":75,"column":2},"end":{"line":84,"column":null}},"11":{"start":{"line":77,"column":6},"end":{"line":77,"column":null}},"12":{"start":{"line":78,"column":4},"end":{"line":83,"column":null}},"13":{"start":{"line":86,"column":44},"end":{"line":86,"column":null}},"14":{"start":{"line":88,"column":18},"end":{"line":122,"column":null}},"15":{"start":{"line":89,"column":17},"end":{"line":89,"column":null}},"16":{"start":{"line":90,"column":4},"end":{"line":92,"column":null}},"17":{"start":{"line":91,"column":6},"end":{"line":91,"column":null}},"18":{"start":{"line":94,"column":4},"end":{"line":98,"column":null}},"19":{"start":{"line":95,"column":25},"end":{"line":95,"column":null}},"20":{"start":{"line":96,"column":24},"end":{"line":96,"column":null}},"21":{"start":{"line":97,"column":6},"end":{"line":97,"column":null}},"22":{"start":{"line":100,"column":4},"end":{"line":102,"column":null}},"23":{"start":{"line":101,"column":6},"end":{"line":101,"column":null}},"24":{"start":{"line":104,"column":4},"end":{"line":104,"column":null}},"25":{"start":{"line":105,"column":4},"end":{"line":105,"column":null}},"26":{"start":{"line":106,"column":4},"end":{"line":106,"column":null}},"27":{"start":{"line":108,"column":4},"end":{"line":118,"column":null}},"28":{"start":{"line":109,"column":6},"end":{"line":111,"column":null}},"29":{"start":{"line":110,"column":8},"end":{"line":110,"column":null}},"30":{"start":{"line":113,"column":20},"end":{"line":113,"column":null}},"31":{"start":{"line":114,"column":6},"end":{"line":117,"column":null}},"32":{"start":{"line":115,"column":8},"end":{"line":115,"column":null}},"33":{"start":{"line":116,"column":8},"end":{"line":116,"column":null}},"34":{"start":{"line":120,"column":4},"end":{"line":120,"column":null}},"35":{"start":{"line":121,"column":4},"end":{"line":121,"column":null}},"36":{"start":{"line":124,"column":2},"end":{"line":138,"column":null}},"37":{"start":{"line":125,"column":4},"end":{"line":127,"column":null}},"38":{"start":{"line":126,"column":6},"end":{"line":126,"column":null}},"39":{"start":{"line":129,"column":18},"end":{"line":129,"column":null}},"40":{"start":{"line":130,"column":4},"end":{"line":137,"column":null}},"41":{"start":{"line":131,"column":24},"end":{"line":131,"column":null}},"42":{"start":{"line":132,"column":6},"end":{"line":136,"column":null}},"43":{"start":{"line":140,"column":2},"end":{"line":140,"column":null}},"44":{"start":{"line":146,"column":46},"end":{"line":146,"column":null}},"45":{"start":{"line":148,"column":2},"end":{"line":183,"column":null}},"46":{"start":{"line":149,"column":23},"end":{"line":149,"column":null}},"47":{"start":{"line":150,"column":4},"end":{"line":152,"column":null}},"48":{"start":{"line":151,"column":6},"end":{"line":151,"column":null}},"49":{"start":{"line":154,"column":25},"end":{"line":154,"column":null}},"50":{"start":{"line":156,"column":4},"end":{"line":182,"column":null}},"51":{"start":{"line":157,"column":33},"end":{"line":157,"column":null}},"52":{"start":{"line":158,"column":6},"end":{"line":160,"column":null}},"53":{"start":{"line":159,"column":8},"end":{"line":159,"column":null}},"54":{"start":{"line":162,"column":29},"end":{"line":162,"column":null}},"55":{"start":{"line":163,"column":6},"end":{"line":165,"column":null}},"56":{"start":{"line":164,"column":8},"end":{"line":164,"column":null}},"57":{"start":{"line":167,"column":6},"end":{"line":169,"column":null}},"58":{"start":{"line":168,"column":8},"end":{"line":168,"column":null}},"59":{"start":{"line":171,"column":26},"end":{"line":171,"column":null}},"60":{"start":{"line":172,"column":30},"end":{"line":172,"column":null}},"61":{"start":{"line":174,"column":6},"end":{"line":181,"column":null}},"62":{"start":{"line":185,"column":2},"end":{"line":185,"column":null}},"63":{"start":{"line":192,"column":24},"end":{"line":192,"column":null}},"64":{"start":{"line":193,"column":2},"end":{"line":195,"column":null}},"65":{"start":{"line":194,"column":4},"end":{"line":194,"column":null}},"66":{"start":{"line":196,"column":2},"end":{"line":196,"column":null}},"67":{"start":{"line":202,"column":49},"end":{"line":202,"column":null}},"68":{"start":{"line":203,"column":24},"end":{"line":203,"column":null}},"69":{"start":{"line":205,"column":27},"end":{"line":221,"column":null}},"70":{"start":{"line":211,"column":16},"end":{"line":211,"column":null}},"71":{"start":{"line":212,"column":4},"end":{"line":214,"column":null}},"72":{"start":{"line":213,"column":6},"end":{"li
[...]
ine":297,"column":null}},"102":{"start":{"line":300,"column":2},"end":{"line":307,"column":null}},"103":{"start":{"line":301,"column":19},"end":{"line":301,"column":null}},"104":{"start":{"line":302,"column":4},"end":{"line":304,"column":null}},"105":{"start":{"line":303,"column":6},"end":{"line":303,"column":null}},"106":{"start":{"line":305,"column":23},"end":{"line":305,"column":null}},"107":{"start":{"line":306,"column":4},"end":{"line":306,"column":null}},"108":{"start":{"line":309,"column":16},"end":{"line":312,"column":null}},"109":{"start":{"line":310,"column":23},"end":{"line":310,"column":null}},"110":{"start":{"line":311,"column":4},"end":{"line":311,"column":null}},"111":{"start":{"line":314,"column":2},"end":{"line":316,"column":null}},"112":{"start":{"line":315,"column":19},"end":{"line":315,"column":30}}},"fnMap":{"0":{"name":"normaliseToStrings","decl":{"start":{"line":62,"column":9},"end":{"line":62,"column":null}},"loc":{"start":{"line":64,"column":12},"end":{"line":74,"column":null}}},"1":{"name":"(anonymous_1)","decl":{"start":{"line":68,"column":24},"end":{"line":68,"column":25}},"loc":{"start":{"line":68,"column":35},"end":{"line":73,"column":3}}},"2":{"name":"formatPath","decl":{"start":{"line":76,"column":9},"end":{"line":76,"column":20}},"loc":{"start":{"line":76,"column":62},"end":{"line":91,"column":null}}},"3":{"name":"(anonymous_3)","decl":{"start":{"line":81,"column":29},"end":{"line":81,"column":30}},"loc":{"start":{"line":81,"column":47},"end":{"line":90,"column":5}}},"4":{"name":"getPathHint","decl":{"start":{"line":93,"column":9},"end":{"line":93,"column":21}},"loc":{"start":{"line":93,"column":55},"end":{"line":103,"column":null}}},"5":{"name":"(anonymous_5)","decl":{"start":{"line":100,"column":4},"end":{"line":100,"column":5}},"loc":{"start":{"line":100,"column":15},"end":{"line":100,"column":null}}},"6":{"name":"buildSuggestion","decl":{"start":{"line":105,"column":9},"end":{"line":105,"column":25}},"loc":{"start":{"line":105,"column":76},"end":{"line":179,"column":null}}},"7":{"name":"buildReason","decl":{"start":{"line":181,"column":9},"end":{"line":181,"column":21}},"loc":{"start":{"line":181,"column":60},"end":{"line":265,"column":null}}},"8":{"name":"formatZodIssue","decl":{"start":{"line":267,"column":16},"end":{"line":267,"column":31}},"loc":{"start":{"line":267,"column":74},"end":{"line":274,"column":null}}},"9":{"name":"formatZodError","decl":{"start":{"line":276,"column":16},"end":{"line":276,"column":31}},"loc":{"start":{"line":276,"column":76},"end":{"line":278,"column":null}}},"10":{"name":"formatParseIssues","decl":{"start":{"line":280,"column":16},"end":{"line":280,"column":null}},"loc":{"start":{"line":282,"column":30},"end":{"line":291,"column":null}}},"11":{"name":"(anonymous_11)","decl":{"start":{"line":283,"column":20},"end":{"line":283,"column":21}},"loc":{"start":{"line":283,"column":31},"end":{"line":290,"column":3}}},"12":{"name":"formatIssuesSummary","decl":{"start":{"line":293,"column":16},"end":{"line":293,"column":null}},"loc":{"start":{"line":295,"column":10},"end":{"line":317,"column":null}}},"13":{"name":"(anonymous_13)","decl":{"start":{"line":309,"column":27},"end":{"line":309,"column":28}},"loc":{"start":{"line":309,"column":45},"end":{"line":312,"column":3}}},"14":{"name":"(anonymous_14)","decl":{"start":{"line":315,"column":9},"end":{"line":315,"column":10}},"loc":{"start":{"line":315,"column":19},"end":{"line":315,"column":30}}}},"branchMap":{"0":{"loc":{"start":{"line":65,"column":2},"end":{"line":67,"column":null}},"type":"if","locations":[{"start":{"line":65,"column":2},"end":{"line":67,"column":null}},{"start":{},"end":{}}]},"1":{"loc":{"start":{"line":69,"column":4},"end":{"line":71,"column":null}},"type":"if","locations":[{"start":{"line":69,"column":4},"end":{"line":71,"column":null}},{"start":{},"end":{}}]},"2":{"loc":{"start":{"line":70,"column":13},"end":{"line":70,"column":null}},"type":"binary-expr","locations":[{"start":{"line":70,"column":13},"end":{"line":70,"column":34}},{"start":{"line":70,"column":34},"end":{"line":70,"column":null}}]},"3":{"loc":{"start":{"line":77,"column":2},"end":{"line":79,"column":null}},"type":"if","locations":[{"start":{"line":77,"column":2},"end":{"line":79,"column":null}},{"start":{},"end":{}}]},"4":{"loc":{"start":{"line":82,"column":4},"end":{"line":84,"column":null}},"type":"if","locations":[{"start":{"line":82,"column":4},"end":{"line":84,"column":null}},{"start":{},"end":{}}]},"5":{"loc":{"start":{"line":86,"column":6},"end":{"line":88,"column":null}},"type":"cond-expr","locations":[{"start":{"line":87,"column":11},"end":{"line":87,"column":null}},{"start":{"line":88,"column":10},"end":{"line":88,"column":null}}]},"6":{"loc":{"start":{"line":87,"column":11},"end":{"line":87,"column":null}},"type":"binary-expr","locations":[{"start":{"line":87,"column":11},"end":{"line":87,"column":34}},{"start":{"line":87,"column":34},"end":{"line":87,"column":null}}]},"7":{"loc":{"start":{"line":89,"column":11},"end":{"line":89,"column":null}},"type":"cond-expr","locations":[{"start":{"line":89,"column":17},"end":{"line":89,"column":35}},{"start":{"line":89,"column":35},"end":{"line":89,"column":null}}]},"8":{"loc":{"start":{"line":94,"column":2},"end":{"line":96,"column":null}},"type":"if","locations":[{"start":{"line":94,"column":2},"end":{"line":96,"column":null}},{"start":{},"end":{}}]},"9":{"loc":{"start":{"line":100,"column":15},"end":{"line":100,"column":null}},"type":"binary-expr","locations":[{"start":{"line":100,"column":15},"end":{"line":100,"column":45}},{"start":{"line":100,"column":45},"end":{"line":100,"column":null}}]},"10":{"loc":{"start":{"line":106,"column":2},"end":{"line":178,"column":null}},"type":"switch","locations":[{"start":{"line":107,"column":4},"end":{"line":111,"column":null}},{"start":{"line":113,"column":4},"end":{"line":122,"column":null}},{"start":{"line":124,"column":4},"end":{"line":131,"column":null}},{"start":{"line":133,"column":4},"end":{"line":147,"column":null}},{"start":{"line":149,"column":4},"end":{"line":161,"column":null}},{"start":{"line":163,"column":4},"end":{"line":171,"column":null}},{"start":{"line":173,"column":4},"end":{"line":174,"column":null}},{"start":{"line":176,"column":4},"end":{"line":177,"column":null}}]},"11":{"loc":{"start":{"line":108,"column":6},"end":{"line":110,"column":null}},"type":"if","locations":[{"start":{"line":108,"column":6},"end":{"line":110,"column":null}},{"start":{},"end":{}}]},"12":{"loc":{"start":{"line":116,"column":8},"end":{"line":116,"column":null}},"type":"cond-expr","locations":[{"start":{"line":116,"column":38},"end":{"line":116,"column":65}},{"start":{"line":116,"column":65},"end":{"line":116,"column":null}}]},"13":{"loc":{"start":{"line":117,"column":22},"end":{"line":117,"column":null}},"type":"binary-expr","locations":[{"start":{"line":117,"column":22},"end":{"line":117,"column":37}},{"start":{"line":117,"column":37},"end":{"line":117,"column":null}}]},"14":{"loc":{"start":{"line":118,"column":6},"end":{"line":120,"column":null}},"type":"if","locations":[{"start":{"line":118,"column":6},"end":{"line":120,"column":null}},{"start":{},"end":{}}]},"15":{"loc":{"start":{"line":125,"column":6},"end":{"line":127,"column":null}},"type":"if","locations":[{"start":{"line":125,"column":6},"end":{"line":127,"column":null}},{"start":{},"end":{}}]},"16":{"loc":{"start":{"line":128,"column":6},"end":{"line":130,"column":null}},"type":"if","locations":[{"start":{"line":128,"column":6},"end":{"line":130,"column":null}},{"start":{},"end":{}}]},"17":{"loc":{"start":{"line":134,"column":6},"end":{"line":138,"column":null}},"type":"if","locations":[{"start":{"line":134,"column":6},"end":{"line":138,"column":null}},{"start":{},"end":{}}]},"18":{"loc":{"start":{"line":136,"column":10},"end":{"line":136,"column":null}},"type":"cond-expr","locations":[{"start":{"line":136,"column":32},"end":{"line":136,"column":37}},{"start":{"line":136,"column":37},"end":{"line":136,"column":null}}]},"19":{"loc":{"start":{"line":139,"column":6},"end":{"line":143,"column":null}},"type":"if","locations":[{"start":{"line":139,"column":6},"end":{"line":143,"column":null}},{"start":{},"end":{}}]},"20":{"loc":{"start":{"line":139,"column":10},"end":{"line":139,"column":62}},"type":"binary-expr","locations":[{"start":{"line":139,"column":10},"end":{"line":139,"column":38}},{"start":{"line":139,"column":38},"end":{"line":139,"column":62}}]},"21":{"loc":{"start":{"line":141,"column":10},"end":{"line":141,"column":null}},"type":"cond-expr","locations":[{"start":{"line":141,"column":32},"end":{"line":141,"column":37}},{"start":{"line":141,"column":37},"end":{"line":141,"column":null}}]},"22":{"loc":{"start":{"line":144,"column":6},"end":{"line":146,"column":null}},"type":"if","locations":[{"start":{"line":144,"column":6},"end":{"line":146,"column":null}},{"start":{},"end":{}}]},"23":{"loc":{"start":{"line":150,"column":6},"end":{"line":154,"column":null}},"type":"if","locations":[{"start":{"line":150,"column":6},"end":{"line":154,"column":null}},{"start":{},"end":{}}]},"24":{"loc":{"start":{"line":152,"column":10},"end":{"line":152,"column":null}},"type":"cond-expr","locations":[{"start":{"line":152,"column":32},"end":{"line":152,"column":37}},{"start":{"line":152,"column":37},"end":{"line":152,"column":null}}]},"25":{"loc":{"start":{"line":155,"column":6},"end":{"line":157,"column":null}},"type":"if","locations":[{"start":{"line":155,"column":6},"end":{"line":157,"column":null}},{"start":{},"end":{}}]},"26":{"loc":{"start":{"line":155,"column":10},"end":{"line":155,"column":62}},"type":"binary-expr","locations":[{"start":{"line":155,"column":10},"end":{"line":155,"column":38}},{"start":{"line":155,"column":38},"end":{"line":155,"column":62}}]},"27":{"loc":{"start":{"line":158,"column":6},"end":{"line":160,"column":null}},"type":"if","locations":[{"start":{"line":158,"column":6},"end":{"line":160,"column":null}},{"start":{},"end":{}}]},"28":{"loc":{"start":{"line":165,"column":6},"end":{"line":167,"column":null}},"type":"if","locations":[{"start":{"line":165,"column":6},"end":{"line":167,"column":null}},{"start":{},"end":{}}]},"29":{"loc":{"start":{"line":169,"column":8},"end":{"line":169,"column":null}},"type":"cond-expr","locations":[{"start":{"line":169,"column":26},"end":{"line":169,"column":32}},{"start":{"line":169,"column":32},"end":{"line":169,"column":null}}]},"30":{"loc":{"start":{"line":184,"column":2},"end":{"line":264,"column":null}},"type":"switch","locations":[{"start":{"line":185,"column":4},"end":{"line":192,"column":null}},{"start":{"line":194,"column":4},"end":{"line":203,"column":null}},{"start":{"line":205,"column":4},"end":{"line":219,"column":null}},{"start":{"line":221,"column":4},"end":{"line":228,"column":null}},{"start":{"line":230,"column":4},"end":{"line":238,"column":null}},{"start":{"line":240,"column":4},"end":{"line":254,"column":null}},{"start":{"line":256,"column":4},"end":{"line":257,"column":null}},{"start":{"line":259,"column":4},"end":{"line":260,"column":null}},{"start":{"line":262,"column":4},"end":{"line":263,"column":null}}]},"31":{"loc":{"start":{"line":186,"column":6},"end":{"line":188,"column":null}},"type":"if","locations":[{"start":{"line":186,"column":6},"end":{"line":188,"column":null}},{"start":{},"end":{}}]},"32":{"loc":{"start":{"line":189,"column":6},"end":{"line":191,"column":null}},"type":"if","locations":[{"start":{"line":189,"column":6},"end":{"line":191,"column":null}},{"start":{},"end":{}}]},"33":{"loc":{"start":{"line":197,"column":8},"end":{"line":197,"column":null}},"type":"cond-expr","locations":[{"start":{"line":197,"column":38},"end":{"line":197,"column":65}},{"start":{"line":197,"column":65},"end":{"line":197,"column":null}}]},"34":{"loc":{"start":{"line":198,"column":22},"end":{"line":198,"column":null}},"type":"binary-expr","locations":[{"start":{"line":198,"column":22},"end":{"line":198,"column":37}},{"start":{"line":198,"column":37},"end":{"line":198,"column":null}}]},"35":{"loc":{"start":{"line":199,"column":6},"end":{"line":201,"column":null}},"type":"if","locations":[{"start":{"line":199,"column":6},"end":{"line":201,"column":null}},{"start":{},"end":{}}]},"36":{"loc":{"start":{"line":202,"column":13},"end":{"line":202,"column":null}},"type":"binary-expr","locations":[{"start":{"line":202,"column":13},"end":{"line":202,"column":30}},{"start":{"line":202,"column":30},"end":{"line":202,"column":null}}]},"37":{"loc":{"start":{"line":206,"column":6},"end":{"line":210,"column":null}},"type":"if","locations":[{"start":{"line":206,"column":6},"end":{"line":210,"column":null}},{"start":{},"end":{}}]},"38":{"loc":{"start":{"line":208,"column":10},"end":{"line":208,"column":null}},"type":"cond-expr","locations":[{"start":{"line":208,"column":32},"end":{"line":208,"column":37}},{"start":{"line":208,"column":37},"end":{"line":208,"column":null}}]},"39":{"loc":{"start":{"line":211,"column":6},"end":{"line":215,"column":null}},"type":"if","locations":[{"start":{"line":211,"column":6},"end":{"line":215,"column":null}},{"start":{},"end":{}}]},"40":{"loc":{"start":{"line":211,"column":10},"end":{"line":211,"column":62}},"type":"binary-expr","locations":[{"start":{"line":211,"column":10},"end":{"line":211,"column":38}},{"start":{"line":211,"column":38},"end":{"line":211,"column":62}}]},"41":{"loc":{"start":{"line":213,"column":10},"end":{"line":213,"column":null}},"type":"cond-expr","locations":[{"start":{"line":213,"column":32},"end":{"line":213,"column":37}},{"start":{"line":213,"column":37},"end":{"line":213,"column":null}}]},"42":{"loc":{"start":{"line":216,"column":6},"end":{"line":218,"column":null}},"type":"if","locations":[{"start":{"line":216,"column":6},"end":{"line":218,"column":null}},{"start":{},"end":{}}]},"43":{"loc":{"start":{"line":219,"column":13},"end":{"line":219,"column":null}},"type":"binary-expr","locations":[{"start":{"line":219,"column":13},"end":{"line":219,"column":25}},{"start":{"line":219,"column":25},"end":{"line":219,"column":null}}]},"44":{"loc":{"start":{"line":222,"column":6},"end":{"line":224,"column":null}},"type":"if","locations":[{"start":{"line":222,"column":6},"end":{"line":224,"column":null}},{"start":{},"end":{}}]},"45":{"loc":{"start":{"line":225,"column":6},"end":{"line":227,"column":null}},"type":"if","locations":[{"start":{"line":225,"column":6},"end":{"line":227,"column":null}},{"start":{},"end":{}}]},"46":{"loc":{"start":{"line":228,"column":13},"end":{"line":228,"column":null}},"type":"binary-expr","locations":[{"start":{"line":228,"column":13},"end":{"line":228,"column":30}},{"start":{"line":228,"column":30},"end":{"line":228,"column":null}}]},"47":{"loc":{"start":{"line":232,"column":6},"end":{"line":234,"column":null}},"type":"if","locations":[{"start":{"line":232,"column":6},"end":{"line":234,"column":null}},{"start":{},"end":{}}]},"48":{"loc":{"start":{"line":235,"column":34},"end":{"line":235,"column":60}},"type":"cond-expr","locations":[{"start":{"line":235,"column":52},"end":{"line":235,"column":58}},{"start":{"line":235,"column":58},"end":{"line":235,"column":60}}]},"49":{"loc":{"start":{"line":236,"column":8},"end":{"line":236,"column":null}},"type":"cond-expr","locations":[{"start":{"line":236,"column":28},"end":{"line":236,"column":38}},{"start":{"line":236,"column":38},"end":{"line":236,"column":null}}]},"50":{"loc":{"start":{"line":241,"column":6},"end":{"line":245,"column":null}},"type":"if","locations":[{"start":{"line":241,"column":6},"end":{"line":245,"column":null}},{"start":{},"end":{}}]},"51":{"loc":{"start":{"line":243,"column":10},"end":{"line":243,"column":null}},"type":"cond-expr","locations":[{"start":{"line":243,"column":32},"end":{"line":243,"column":37}},{"start":{"line":243,"column":37},"end":{"line":243,"column":null}}]},"52":{"loc":{"start":{"line":246,"column":6},"end":{"line":250,"column":null}},"type":"if","locations":[{"start":{"line":246,"column":6},"end":{"line":250,"column":null}},{"start":{},"end":{}}]},"53":{"loc":{"start":{"line":246,"column":10},"end":{"line":246,"column":62}},"type":"binary-expr","locations":[{"start":{"line":246,"column":10},"end":{"line":246,"column":38}},{"start":{"line":246,"column":38},"end":{"line":246,"column":62}}]},"54":{"loc":{"start":{"line":248,"column":10},"end":{"line":248,"column":null}},"type":"cond-expr","locations":[{"start":{"line":248,"column":32},"end":{"line":248,"column":37}},{"start":{"line":248,"column":37},"end":{"line":248,"column":null}}]},"55":{"loc":{"start":{"line":251,"column":6},"end":{"line":253,"column":null}},"type":"if","locations":[{"start":{"line":251,"column":6},"end":{"line":253,"column":null}},{"start":{},"end":{}}]},"56":{"loc":{"start":{"line":254,"column":13},"end":{"line":254,"column":null}},"type":"binary-expr","locations":[{"start":{"line":254,"column":13},"end":{"line":254,"column":25}},{"start":{"line":254,"column":25},"end":{"line":254,"column":null}}]},"57":{"loc":{"start":{"line":263,"column":13},"end":{"line":263,"column":null}},"type":"binary-expr","locations":[{"start":{"line":263,"column":13},"end":{"line":263,"column":25}},{"start":{"line":263,"column":25},"end":{"line":263,"column":42}},{"start":{"line":263,"column":42},"end":{"line":263,"column":null}}]},"58":{"loc":{"start":{"line":296,"column":2},"end":{"line":298,"column":null}},"type":"if","locations":[{"start":{"line":296,"column":2},"end":{"line":298,"column":null}},{"start":{},"end":{}}]},"59":{"loc":{"start":{"line":300,"column":2},"end":{"line":307,"column":null}},"type":"if","locations":[{"start":{"line":300,"column":2},"end":{"line":307,"column":null}},{"start":{},"end":{}}]},"60":{"loc":{"start":{"line":302,"column":4},"end":{"line":304,"column":null}},"type":"if","locations":[{"start":{"line":302,"column":4},"end":{"line":304,"column":null}},{"start":{},"end":{}}]},"61":{"loc":{"start":{"line":305,"column":23},"end":{"line":305,"column":null}},"type":"cond-expr","locations":[{"start":{"line":305,"column":43},"end":{"line":305,"column":69}},{"start":{"line":305,"column":69},"end":{"line":305,"column":null}}]},"62":{"loc":{"start":{"line":310,"column":23},"end":{"line":310,"column":null}},"type":"cond-expr","locations":[{"start":{"line":310,"column":42},"end":{"line":310,"column":75}},{"start":{"line":310,"column":75},"end":{"line":310,"column":null}}]}},"s":{"0":1,"1":1,"2":10,"3":2,"4":8,"5":8,"6":2,"7":6,"8":27,"9":1,"10":26,"11":57,"12":2,"13":55,"14":55,"15":36,"16":22,"17":14,"18":257,"19":14,"20":27,"21":4,"22":3,"23":1,"24":3,"25":3,"26":3,"27":3,"28":2,"29":1,"30":3,"31":1,"32":2,"33":1,"34":1,"35":6,"36":2,"37":4,"38":2,"39":2,"40":1,"41":1,"42":4,"43":1,"44":3,"45":1,"46":2,"47":1,"48":1,"49":2,"50":2,"51":1,"52":1,"53":1,"54":4,"55":27,"56":27,"57":4,"58":2,"59":2,"60":1,"61":1,"62":3,"63":3,"64":3,"65":3,"66":2,"67":1,"68":6,"69":2,"70":4,"71":2,"72":2,"73":1,"74":1,"75":3,"76":1,"77":2,"78":1,"79":1,"80":2,"81":2,"82":1,"83":1,"84":4,"85":1,"86":3,"87":1,"88":2,"89":1,"90":1,"91":1,"92":1,"93":3,"94":27,"95":27,"96":4,"97":1,"98":1,"99":1,"100":5,"101":1,"102":4,"103":3,"104":3,"105":1,"106":2,"107":2,"108":1,"109":3,"110":3,"111":1,"112":3},"f":{"0":10,"1":8,"2":27,"3":57,"4":36,"5":257,"6":27,"7":27,"8":27,"9":4,"10":1,"11":1,"12":5,"13":3,"14":3},"b":{"0":[2,8],"1":[2,6],"2":[2,0],"3":[1,26],"4":[2,55],"5":[1,54],"6":[1,0],"7":[29,26],"8":[22,14],"9":[257,255],"10":[4,3,3,6,4,2,1,4],"11":[3,1],"12":[3,0],"13":[3,3],"14":[2,1],"15":[1,2],"16":[1,1],"17":[2,4],"18":[2,0],"19":[2,2],"20":[4,2],"21":[2,0],"22":[1,1],"23":[1,3],"24":[0,1],"25":[1,2],"26":[3,2],"27":[1,1],"28":[1,1],"29":[0,1],"30":[4,3,6,3,2,4,1,1,3],"31":[2,2],"32":[1,1],"33":[3,0],"34":[3,3],"35":[2,1],"36":[1,0],"37":[2,4],"38":[2,0],"39":[2,2],"40":[4,2],"41":[2,0],"42":[1,1],"43":[1,0],"44":[1,2],"45":[1,1],"46":[1,0],"47":[1,1],"48":[0,1],"49":[1,0],"50":[1,3],"51":[0,1],"52":[1,2],"53":[3,2],"54":[0,1],"55":[1,1],"56":[1,0],"57":[3,0,0],"58":[1,4],"59":[3,1],"60":[1,2],"61":[2,0],"62":[3,0]}}
}
